<?xml version="1.0" encoding="UTF-8"?>
<!-- Generated by org.testng.reporters.JUnitXMLReporter -->
<testsuite hostname="CSCINDAE750032" name="RMA_SeleniumRegression_TC_034" tests="1" failures="1" timestamp="9 Aug 2017 06:59:23 GMT" time="46.857" errors="0">
  <testcase name="RMA_SeleniumRegression_TC_034_Test" time="36.391" classname="rmaseleniumtestscripts.RMA_SeleniumRegression_TC_034">
    <failure type="java.lang.AssertionError" message="null">
      <![CDATA[java.lang.AssertionError: null
	at rmaseleniumutilties_UX.RMA_Functionality_Utility.RMA_GenericSave_Utility(RMA_Functionality_Utility.java:266)
	at rmaseleniumutilties_UX.RMA_Functionality_Utility.RMA_PersonInvolvedExistingEntityAdd_Utility(RMA_Functionality_Utility.java:2898)
	at rmaseleniumtestscripts.RMA_SeleniumRegression_TC_034.RMA_SeleniumRegression_TC_034_Test(RMA_SeleniumRegression_TC_034.java:48)
... Removed 27 stack frames]]>
    </failure>
  </testcase> <!-- RMA_SeleniumRegression_TC_034_Test -->
</testsuite> <!-- RMA_SeleniumRegression_TC_034 -->
