<?xml version="1.0" encoding="UTF-8"?>
<!-- Generated by org.testng.reporters.JUnitXMLReporter -->
<testsuite hostname="CSCINDAE707498" name="RMA_Smoke_TC_057" tests="1" failures="1" timestamp="19 Jan 2018 08:30:39 GMT" time="54.771" errors="0">
  <testcase name="RMA_Smoke_TC_057_Test" time="20.194" classname="rmaseleniumtestscripts.RMA_Smoke_TC_057">
    <failure type="org.openqa.selenium.TimeoutException" message="Expected condition failed: waiting for frame to be available: 0 (tried for 10 second(s) with 500 MILLISECONDS interval)
Build info: version: &amp;apos;unknown&amp;apos;, revision: &amp;apos;86a5d70&amp;apos;, time: &amp;apos;2017-02-16 07:47:51 -0800&amp;apos;
System info: host: &amp;apos;CSCINDAE707498&amp;apos;, ip: &amp;apos;20.198.154.24&amp;apos;, os.name: &amp;apos;Windows 7&amp;apos;, os.arch: &amp;apos;amd64&amp;apos;, os.version: &amp;apos;6.1&amp;apos;, java.version: &amp;apos;1.8.0_45&amp;apos;
Driver info: org.openqa.selenium.chrome.ChromeDriver
Capabilities [{applicationCacheEnabled=false, rotatable=false, mobileEmulationEnabled=false, networkConnectionEnabled=false, chrome={chromedriverVersion=2.33.506120 (e3e53437346286c0bc2d2dc9aa4915ba81d9023f), userDataDir=C:\Users\KNAITH~1\AppData\Local\Temp\scoped_dir1512_26659}, takesHeapSnapshot=true, pageLoadStrategy=normal, databaseEnabled=false, handlesAlerts=true, hasTouchScreen=false, version=63.0.3239.132, platform=XP, browserConnectionEnabled=false, nativeEvents=true, acceptSslCerts=true, locationContextEnabled=true, webStorageEnabled=true, browserName=chrome, takesScreenshot=true, javascriptEnabled=true, cssSelectorsEnabled=true, setWindowRect=true, unexpectedAlertBehaviour=}]
Session ID: 3cb631257a59e3546ad582b249a24450">
      <![CDATA[org.openqa.selenium.TimeoutException: Expected condition failed: waiting for frame to be available: 0 (tried for 10 second(s) with 500 MILLISECONDS interval)
Build info: version: 'unknown', revision: '86a5d70', time: '2017-02-16 07:47:51 -0800'
System info: host: 'CSCINDAE707498', ip: '20.198.154.24', os.name: 'Windows 7', os.arch: 'amd64', os.version: '6.1', java.version: '1.8.0_45'
Driver info: org.openqa.selenium.chrome.ChromeDriver
Capabilities [{applicationCacheEnabled=false, rotatable=false, mobileEmulationEnabled=false, networkConnectionEnabled=false, chrome={chromedriverVersion=2.33.506120 (e3e53437346286c0bc2d2dc9aa4915ba81d9023f), userDataDir=C:\Users\KNAITH~1\AppData\Local\Temp\scoped_dir1512_26659}, takesHeapSnapshot=true, pageLoadStrategy=normal, databaseEnabled=false, handlesAlerts=true, hasTouchScreen=false, version=63.0.3239.132, platform=XP, browserConnectionEnabled=false, nativeEvents=true, acceptSslCerts=true, locationContextEnabled=true, webStorageEnabled=true, browserName=chrome, takesScreenshot=true, javascriptEnabled=true, cssSelectorsEnabled=true, setWindowRect=true, unexpectedAlertBehaviour=}]
Session ID: 3cb631257a59e3546ad582b249a24450
	at org.openqa.selenium.support.ui.WebDriverWait.timeoutException(WebDriverWait.java:80)
	at org.openqa.selenium.support.ui.FluentWait.until(FluentWait.java:257)
	at rmaseleniumutilties_UX.RMA_GenericUsages_Utility.RMA_DynamicFrameSwitching(RMA_GenericUsages_Utility.java:764)
	at rmaseleniumtestscripts.RMA_Smoke_TC_057.RMA_Smoke_TC_057_Test(RMA_Smoke_TC_057.java:60)
... Removed 25 stack frames]]>
    </failure>
  </testcase> <!-- RMA_Smoke_TC_057_Test -->
</testsuite> <!-- RMA_Smoke_TC_057 -->
