<?xml version="1.0" encoding="UTF-8"?>
<!-- Generated by org.testng.reporters.JUnitXMLReporter -->
<testsuite hostname="CSCINDAE707498" name="RMA_SeleniumRegression_TC_116_Event" tests="1" failures="1" timestamp="3 Apr 2018 07:13:39 GMT" time="168.202" errors="0">
  <testcase name="RMA_SeleniumRegression_TC_116_Test" time="119.818" classname="rmaseleniumtestscripts.RMA_SeleniumRegression_TC_116">
    <failure type="org.openqa.selenium.TimeoutException" message="Expected condition failed: waiting for class to be &amp;quot;dropdown navPd ng-hide&amp;quot;. Current class: &amp;quot;material-icons material-icons-clr&amp;quot; (tried for 10 second(s) with 500 MILLISECONDS interval)
Build info: version: &amp;apos;unknown&amp;apos;, revision: &amp;apos;unknown&amp;apos;, time: &amp;apos;unknown&amp;apos;
System info: host: &amp;apos;CSCINDAE707498&amp;apos;, ip: &amp;apos;20.198.112.132&amp;apos;, os.name: &amp;apos;Windows 7&amp;apos;, os.arch: &amp;apos;amd64&amp;apos;, os.version: &amp;apos;6.1&amp;apos;, java.version: &amp;apos;1.8.0_45&amp;apos;
Driver info: org.openqa.selenium.chrome.ChromeDriver
Capabilities [{applicationCacheEnabled=false, rotatable=false, mobileEmulationEnabled=false, networkConnectionEnabled=false, chrome={chromedriverVersion=2.35.528161 (5b82f2d2aae0ca24b877009200ced9065a772e73), userDataDir=C:\Users\arai24\AppData\Local\Temp\scoped_dir7460_23283}, takesHeapSnapshot=true, pageLoadStrategy=normal, databaseEnabled=false, handlesAlerts=true, hasTouchScreen=false, version=65.0.3325.181, platform=XP, browserConnectionEnabled=false, nativeEvents=true, acceptSslCerts=false, acceptInsecureCerts=false, locationContextEnabled=true, webStorageEnabled=true, browserName=chrome, takesScreenshot=true, javascriptEnabled=true, cssSelectorsEnabled=true, setWindowRect=true, unexpectedAlertBehaviour=}]
Session ID: 77535be8faf7fca22d324ffe0f07d95e">
      <![CDATA[org.openqa.selenium.TimeoutException: Expected condition failed: waiting for class to be "dropdown navPd ng-hide". Current class: "material-icons material-icons-clr" (tried for 10 second(s) with 500 MILLISECONDS interval)
Build info: version: 'unknown', revision: 'unknown', time: 'unknown'
System info: host: 'CSCINDAE707498', ip: '20.198.112.132', os.name: 'Windows 7', os.arch: 'amd64', os.version: '6.1', java.version: '1.8.0_45'
Driver info: org.openqa.selenium.chrome.ChromeDriver
Capabilities [{applicationCacheEnabled=false, rotatable=false, mobileEmulationEnabled=false, networkConnectionEnabled=false, chrome={chromedriverVersion=2.35.528161 (5b82f2d2aae0ca24b877009200ced9065a772e73), userDataDir=C:\Users\arai24\AppData\Local\Temp\scoped_dir7460_23283}, takesHeapSnapshot=true, pageLoadStrategy=normal, databaseEnabled=false, handlesAlerts=true, hasTouchScreen=false, version=65.0.3325.181, platform=XP, browserConnectionEnabled=false, nativeEvents=true, acceptSslCerts=false, acceptInsecureCerts=false, locationContextEnabled=true, webStorageEnabled=true, browserName=chrome, takesScreenshot=true, javascriptEnabled=true, cssSelectorsEnabled=true, setWindowRect=true, unexpectedAlertBehaviour=}]
Session ID: 77535be8faf7fca22d324ffe0f07d95e
	at org.openqa.selenium.support.ui.WebDriverWait.timeoutException(WebDriverWait.java:80)
	at org.openqa.selenium.support.ui.FluentWait.until(FluentWait.java:232)
	at rmaseleniumutilties_UX.RMA_Functionality_Utility.RMA_Attachment_Add_Edit_Delete(RMA_Functionality_Utility.java:1916)
	at rmaseleniumtestscripts.RMA_SeleniumRegression_TC_116.RMA_SeleniumRegression_TC_116_Test(RMA_SeleniumRegression_TC_116.java:72)
... Removed 25 stack frames]]>
    </failure>
  </testcase> <!-- RMA_SeleniumRegression_TC_116_Test -->
</testsuite> <!-- RMA_SeleniumRegression_TC_116_Event -->
