<?xml version="1.0" encoding="UTF-8"?>
<!-- Generated by org.testng.reporters.JUnitXMLReporter -->
<testsuite hostname="CSCINDAE707498" name="RMA_Smoke_TC_001" tests="1" failures="1" timestamp="9 Apr 2018 07:28:13 GMT" time="196.518" errors="0">
  <testcase name="RMA_Smoke_TC_001_Test" time="171.341" classname="rmaseleniumtestscripts.RMA_Smoke_TC_001">
    <failure type="java.lang.AssertionError" message="null">
      <![CDATA[java.lang.AssertionError: null
	at rmaseleniumutilties_UX.RMA_Functionality_Utility.RMA_GenericSave_Utility(RMA_Functionality_Utility.java:296)
	at rmaseleniumtestscripts.RMA_Smoke_TC_001.RMA_Smoke_TC_001_Test(RMA_Smoke_TC_001.java:103)
... Removed 27 stack frames]]>
    </failure>
  </testcase> <!-- RMA_Smoke_TC_001_Test -->
</testsuite> <!-- RMA_Smoke_TC_001 -->
