<?xml version="1.0" encoding="UTF-8"?>
<!-- Generated by org.testng.reporters.JUnitXMLReporter -->
<testsuite hostname="CSCINDAE707498" name="RMA_Smoke_TC_069" tests="1" failures="1" timestamp="9 Apr 2018 08:24:22 GMT" time="117.531" errors="0">
  <testcase name="RMA_Smoke_TC_069_Test" time="80.563" classname="rmaseleniumtestscripts.RMA_Smoke_TC_069">
    <failure type="org.openqa.selenium.WebDriverException" message="unknown error: Element &amp;lt;input ng-blur=&amp;quot;lookupCtrl.clearData($event); &amp;quot; id=&amp;quot;lookup_namecode&amp;quot; ng-disabled=&amp;quot;lookupCtrl.lookupreadonly&amp;quot; name=&amp;quot;namecode&amp;quot; type=&amp;quot;text&amp;quot; ng-model=&amp;quot;lookupCtrl.display&amp;quot; uib-typeahead=&amp;quot;code as code.shortCode + &amp;apos; &amp;apos; +code.desc for code in lookupCtrl.getCodes($viewValue)&amp;quot; typeahead-on-select=&amp;quot;lookupCtrl.getAutocompleteSelectedCodevalue(lookupCtrl.display)&amp;quot; typeahead-popup-template-url=&amp;quot;customPopupTemplate.html&amp;quot; class=&amp;quot;form-control ng-pristine ng-untouched ng-valid ng-not-empty&amp;quot; no-dirty-check=&amp;quot;&amp;quot; aria-autocomplete=&amp;quot;list&amp;quot; aria-expanded=&amp;quot;false&amp;quot; aria-owns=&amp;quot;typeahead-1242-2274&amp;quot; aria-invalid=&amp;quot;false&amp;quot;&amp;gt; is not clickable at point (123, 165). Other element would receive the click: &amp;lt;div class=&amp;quot;ui-grid-cell-contents ng-scope&amp;quot;&amp;gt;...&amp;lt;/div&amp;gt;
  (Session info: chrome=65.0.3325.181)
  (Driver info: chromedriver=2.36.540470 (e522d04694c7ebea4ba8821272dbef4f9b818c91),platform=Windows NT 6.1.7601 SP1 x86_64) (WARNING: The server did not provide any stacktrace information)
Command duration or timeout: 58 milliseconds
Build info: version: &amp;apos;unknown&amp;apos;, revision: &amp;apos;unknown&amp;apos;, time: &amp;apos;unknown&amp;apos;
System info: host: &amp;apos;CSCINDAE707498&amp;apos;, ip: &amp;apos;20.198.112.132&amp;apos;, os.name: &amp;apos;Windows 7&amp;apos;, os.arch: &amp;apos;amd64&amp;apos;, os.version: &amp;apos;6.1&amp;apos;, java.version: &amp;apos;1.8.0_45&amp;apos;
Driver info: org.openqa.selenium.chrome.ChromeDriver
Capabilities [{applicationCacheEnabled=false, rotatable=false, mobileEmulationEnabled=false, networkConnectionEnabled=false, chrome={chromedriverVersion=2.36.540470 (e522d04694c7ebea4ba8821272dbef4f9b818c91), userDataDir=C:\Users\arai24\AppData\Local\Temp\scoped_dir7756_27677}, takesHeapSnapshot=true, pageLoadStrategy=normal, databaseEnabled=false, handlesAlerts=true, hasTouchScreen=false, version=65.0.3325.181, platform=XP, browserConnectionEnabled=false, nativeEvents=true, acceptSslCerts=false, acceptInsecureCerts=false, locationContextEnabled=true, webStorageEnabled=true, browserName=chrome, takesScreenshot=true, javascriptEnabled=true, cssSelectorsEnabled=true, setWindowRect=true, unexpectedAlertBehaviour=}]
Session ID: 0f1cf1380768325e93dd209e8d70b169">
      <![CDATA[org.openqa.selenium.WebDriverException: unknown error: Element <input ng-blur="lookupCtrl.clearData($event); " id="lookup_namecode" ng-disabled="lookupCtrl.lookupreadonly" name="namecode" type="text" ng-model="lookupCtrl.display" uib-typeahead="code as code.shortCode + ' ' +code.desc for code in lookupCtrl.getCodes($viewValue)" typeahead-on-select="lookupCtrl.getAutocompleteSelectedCodevalue(lookupCtrl.display)" typeahead-popup-template-url="customPopupTemplate.html" class="form-control ng-pristine ng-untouched ng-valid ng-not-empty" no-dirty-check="" aria-autocomplete="list" aria-expanded="false" aria-owns="typeahead-1242-2274" aria-invalid="false"> is not clickable at point (123, 165). Other element would receive the click: <div class="ui-grid-cell-contents ng-scope">...</div>
  (Session info: chrome=65.0.3325.181)
  (Driver info: chromedriver=2.36.540470 (e522d04694c7ebea4ba8821272dbef4f9b818c91),platform=Windows NT 6.1.7601 SP1 x86_64) (WARNING: The server did not provide any stacktrace information)
Command duration or timeout: 58 milliseconds
Build info: version: 'unknown', revision: 'unknown', time: 'unknown'
System info: host: 'CSCINDAE707498', ip: '20.198.112.132', os.name: 'Windows 7', os.arch: 'amd64', os.version: '6.1', java.version: '1.8.0_45'
Driver info: org.openqa.selenium.chrome.ChromeDriver
Capabilities [{applicationCacheEnabled=false, rotatable=false, mobileEmulationEnabled=false, networkConnectionEnabled=false, chrome={chromedriverVersion=2.36.540470 (e522d04694c7ebea4ba8821272dbef4f9b818c91), userDataDir=C:\Users\arai24\AppData\Local\Temp\scoped_dir7756_27677}, takesHeapSnapshot=true, pageLoadStrategy=normal, databaseEnabled=false, handlesAlerts=true, hasTouchScreen=false, version=65.0.3325.181, platform=XP, browserConnectionEnabled=false, nativeEvents=true, acceptSslCerts=false, acceptInsecureCerts=false, locationContextEnabled=true, webStorageEnabled=true, browserName=chrome, takesScreenshot=true, javascriptEnabled=true, cssSelectorsEnabled=true, setWindowRect=true, unexpectedAlertBehaviour=}]
Session ID: 0f1cf1380768325e93dd209e8d70b169
	at org.openqa.selenium.remote.ErrorHandler.createThrowable(ErrorHandler.java:215)
	at org.openqa.selenium.remote.ErrorHandler.throwIfResponseFailed(ErrorHandler.java:167)
	at org.openqa.selenium.remote.RemoteWebDriver.execute(RemoteWebDriver.java:671)
	at org.openqa.selenium.remote.RemoteWebElement.execute(RemoteWebElement.java:272)
	at org.openqa.selenium.remote.RemoteWebElement.click(RemoteWebElement.java:82)
	at rmaseleniumutilties_UX.RMA_Input_Utility.RMA_SetTextValueandTabOut_Utility(RMA_Input_Utility.java:44)
	at rmaseleniumutilties_UX.RMA_Functionality_Utility.RMA_PhysicianCertificationAddEditDeleteEntity_Utility(RMA_Functionality_Utility.java:9135)
	at rmaseleniumtestscripts.RMA_Smoke_TC_069.RMA_Smoke_TC_069_Test(RMA_Smoke_TC_069.java:109)
... Removed 29 stack frames]]>
    </failure>
  </testcase> <!-- RMA_Smoke_TC_069_Test -->
</testsuite> <!-- RMA_Smoke_TC_069 -->
