<?xml version="1.0" encoding="UTF-8"?>
<!-- Generated by org.testng.reporters.JUnitXMLReporter -->
<testsuite hostname="CSCINDAE707498" name="RMA_Smoke_TC_011" tests="1" failures="1" timestamp="6 Apr 2018 15:15:27 GMT" time="67.227" errors="0">
  <testcase name="RMA_Smoke_TC_011_Test" time="42.193" classname="rmaseleniumtestscripts.RMA_Smoke_TC_011">
    <failure type="org.openqa.selenium.NoSuchElementException" message="Cannot locate element with text: Claim Payment
For documentation on this error, please visit: http://seleniumhq.org/exceptions/no_such_element.html
Build info: version: &amp;apos;unknown&amp;apos;, revision: &amp;apos;unknown&amp;apos;, time: &amp;apos;unknown&amp;apos;
System info: host: &amp;apos;CSCINDAE707498&amp;apos;, ip: &amp;apos;20.198.112.132&amp;apos;, os.name: &amp;apos;Windows 7&amp;apos;, os.arch: &amp;apos;amd64&amp;apos;, os.version: &amp;apos;6.1&amp;apos;, java.version: &amp;apos;1.8.0_45&amp;apos;
Driver info: driver.version: unknown">
      <![CDATA[org.openqa.selenium.NoSuchElementException: Cannot locate element with text: Claim Payment
For documentation on this error, please visit: http://seleniumhq.org/exceptions/no_such_element.html
Build info: version: 'unknown', revision: 'unknown', time: 'unknown'
System info: host: 'CSCINDAE707498', ip: '20.198.112.132', os.name: 'Windows 7', os.arch: 'amd64', os.version: '6.1', java.version: '1.8.0_45'
Driver info: driver.version: unknown
	at org.openqa.selenium.support.ui.Select.selectByVisibleText(Select.java:151)
	at rmaseleniumutilties_UX.RMA_Input_Utility.RMA_ElementWebListSelect_Utility(RMA_Input_Utility.java:330)
	at rmaseleniumutilties_UX.RMA_Functionality_Utility.RMA_PaymentCorpAddition_Utility(RMA_Functionality_Utility.java:1711)
	at rmaseleniumtestscripts.RMA_Smoke_TC_011.RMA_Smoke_TC_011_Test(RMA_Smoke_TC_011.java:86)
... Removed 25 stack frames]]>
    </failure>
  </testcase> <!-- RMA_Smoke_TC_011_Test -->
</testsuite> <!-- RMA_Smoke_TC_011 -->
