<?xml version="1.0" encoding="UTF-8"?>
<!-- Generated by org.testng.reporters.JUnitXMLReporter -->
<testsuite hostname="CSCINDAE707498" name="RMA_Reg_Maint_Employee_TC_003" tests="1" failures="1" timestamp="3 Apr 2018 09:54:56 GMT" time="198.376" errors="0">
  <testcase name="RMA_Reg_Maint_Employee_TC_003_Test" time="161.722" classname="rmaseleniumtestscripts.RMA_Reg_Maint_Employee_TC_003">
    <failure type="java.lang.AssertionError" message="expected [true] but found [false]">
      <![CDATA[java.lang.AssertionError: expected [true] but found [false]
	at rmaseleniumutilties_UX.RMA_Verification_Utility.RMA_ElementExist_Utility(RMA_Verification_Utility.java:71)
	at rmaseleniumutilties_UX.RMA_Functionality_Utility.RMA_CommentAddition_Utility(RMA_Functionality_Utility.java:1469)
	at rmaseleniumtestscripts.RMA_Reg_Maint_Employee_TC_003.RMA_Reg_Maint_Employee_TC_003_Test(RMA_Reg_Maint_Employee_TC_003.java:62)
... Removed 29 stack frames]]>
    </failure>
  </testcase> <!-- RMA_Reg_Maint_Employee_TC_003_Test -->
</testsuite> <!-- RMA_Reg_Maint_Employee_TC_003 -->
