<?xml version="1.0" encoding="UTF-8"?>
<!-- Generated by org.testng.reporters.JUnitXMLReporter -->
<testsuite hostname="CSCINDAE707498" name="RMA_Smoke_TC_002_PC" tests="1" failures="1" timestamp="9 Apr 2018 08:33:59 GMT" time="148.748" errors="0">
  <testcase name="RMA_Smoke_TC_002_PC_Test" time="123.629" classname="rmaseleniumtestscripts.RMA_Smoke_TC_002_PC">
    <failure type="org.openqa.selenium.WebDriverException" message="unknown error: Element &amp;lt;a id=&amp;quot;submitquery&amp;quot; name=&amp;quot;submitquery&amp;quot; uib-tooltip=&amp;quot;&amp;quot; tooltip-placement=&amp;quot;bottom-left&amp;quot; ng-if=&amp;quot;metadata[screenId].searchfields.length != 0&amp;quot; ng-click=&amp;quot;submit(metadata[screenId])&amp;quot; class=&amp;quot;ng-scope&amp;quot;&amp;gt;...&amp;lt;/a&amp;gt; is not clickable at point (25, 32). Other element would receive the click: &amp;lt;div ng-show=&amp;quot;commonLoader&amp;quot; style=&amp;quot;position: absolute; z-index: 99999;width:99.9%;height:99.9%;background: rgba(153, 153, 153, 0.6);&amp;quot; aria-hidden=&amp;quot;false&amp;quot; class=&amp;quot;&amp;quot;&amp;gt;...&amp;lt;/div&amp;gt;
  (Session info: chrome=65.0.3325.181)
  (Driver info: chromedriver=2.36.540470 (e522d04694c7ebea4ba8821272dbef4f9b818c91),platform=Windows NT 6.1.7601 SP1 x86_64) (WARNING: The server did not provide any stacktrace information)
Command duration or timeout: 67 milliseconds
Build info: version: &amp;apos;unknown&amp;apos;, revision: &amp;apos;unknown&amp;apos;, time: &amp;apos;unknown&amp;apos;
System info: host: &amp;apos;CSCINDAE707498&amp;apos;, ip: &amp;apos;20.198.112.132&amp;apos;, os.name: &amp;apos;Windows 7&amp;apos;, os.arch: &amp;apos;amd64&amp;apos;, os.version: &amp;apos;6.1&amp;apos;, java.version: &amp;apos;1.8.0_45&amp;apos;
Driver info: org.openqa.selenium.chrome.ChromeDriver
Capabilities [{applicationCacheEnabled=false, rotatable=false, mobileEmulationEnabled=false, networkConnectionEnabled=false, chrome={chromedriverVersion=2.36.540470 (e522d04694c7ebea4ba8821272dbef4f9b818c91), userDataDir=C:\Users\arai24\AppData\Local\Temp\scoped_dir7756_27677}, takesHeapSnapshot=true, pageLoadStrategy=normal, databaseEnabled=false, handlesAlerts=true, hasTouchScreen=false, version=65.0.3325.181, platform=XP, browserConnectionEnabled=false, nativeEvents=true, acceptSslCerts=false, acceptInsecureCerts=false, locationContextEnabled=true, webStorageEnabled=true, browserName=chrome, takesScreenshot=true, javascriptEnabled=true, cssSelectorsEnabled=true, setWindowRect=true, unexpectedAlertBehaviour=}]
Session ID: 0f1cf1380768325e93dd209e8d70b169">
      <![CDATA[org.openqa.selenium.WebDriverException: unknown error: Element <a id="submitquery" name="submitquery" uib-tooltip="" tooltip-placement="bottom-left" ng-if="metadata[screenId].searchfields.length != 0" ng-click="submit(metadata[screenId])" class="ng-scope">...</a> is not clickable at point (25, 32). Other element would receive the click: <div ng-show="commonLoader" style="position: absolute; z-index: 99999;width:99.9%;height:99.9%;background: rgba(153, 153, 153, 0.6);" aria-hidden="false" class="">...</div>
  (Session info: chrome=65.0.3325.181)
  (Driver info: chromedriver=2.36.540470 (e522d04694c7ebea4ba8821272dbef4f9b818c91),platform=Windows NT 6.1.7601 SP1 x86_64) (WARNING: The server did not provide any stacktrace information)
Command duration or timeout: 67 milliseconds
Build info: version: 'unknown', revision: 'unknown', time: 'unknown'
System info: host: 'CSCINDAE707498', ip: '20.198.112.132', os.name: 'Windows 7', os.arch: 'amd64', os.version: '6.1', java.version: '1.8.0_45'
Driver info: org.openqa.selenium.chrome.ChromeDriver
Capabilities [{applicationCacheEnabled=false, rotatable=false, mobileEmulationEnabled=false, networkConnectionEnabled=false, chrome={chromedriverVersion=2.36.540470 (e522d04694c7ebea4ba8821272dbef4f9b818c91), userDataDir=C:\Users\arai24\AppData\Local\Temp\scoped_dir7756_27677}, takesHeapSnapshot=true, pageLoadStrategy=normal, databaseEnabled=false, handlesAlerts=true, hasTouchScreen=false, version=65.0.3325.181, platform=XP, browserConnectionEnabled=false, nativeEvents=true, acceptSslCerts=false, acceptInsecureCerts=false, locationContextEnabled=true, webStorageEnabled=true, browserName=chrome, takesScreenshot=true, javascriptEnabled=true, cssSelectorsEnabled=true, setWindowRect=true, unexpectedAlertBehaviour=}]
Session ID: 0f1cf1380768325e93dd209e8d70b169
	at org.openqa.selenium.remote.ErrorHandler.createThrowable(ErrorHandler.java:215)
	at org.openqa.selenium.remote.ErrorHandler.throwIfResponseFailed(ErrorHandler.java:167)
	at org.openqa.selenium.remote.RemoteWebDriver.execute(RemoteWebDriver.java:671)
	at org.openqa.selenium.remote.RemoteWebElement.execute(RemoteWebElement.java:272)
	at org.openqa.selenium.remote.RemoteWebElement.click(RemoteWebElement.java:82)
	at rmaseleniumutilties_UX.RMA_Navigation_Utility.RMA_ObjectClick(RMA_Navigation_Utility.java:209)
	at rmaseleniumutilties_UX.RMA_Functionality_Utility.RMA_PropertyClaimCreation(RMA_Functionality_Utility.java:782)
	at rmaseleniumtestscripts.RMA_Smoke_TC_002_PC.RMA_Smoke_TC_002_PC_Test(RMA_Smoke_TC_002_PC.java:95)
... Removed 29 stack frames]]>
    </failure>
  </testcase> <!-- RMA_Smoke_TC_002_PC_Test -->
</testsuite> <!-- RMA_Smoke_TC_002_PC -->
