<?xml version="1.0" encoding="UTF-8"?>
<!-- Generated by org.testng.reporters.JUnitXMLReporter -->
<testsuite hostname="CSCINDAE707498" name="RMA_SeleniumRegressiom_TC_130_GC" tests="1" failures="1" timestamp="17 Jan 2018 07:35:18 GMT" time="178.974" errors="0">
  <testcase name="RMA_SeleniumRegression_TC_130_Test" time="133.138" classname="rmaseleniumtestscripts.RMA_SeleniumRegression_TC_130">
    <failure type="java.lang.AssertionError" message="expected [true] but found [false]">
      <![CDATA[java.lang.AssertionError: expected [true] but found [false]
	at rmaseleniumutilties_UX.RMA_Verification_Utility.RMA_PartialTextVerification(RMA_Verification_Utility.java:406)
	at rmaseleniumutilties_UX.RMA_Functionality_Utility.RMA_EnhancedNotesCreateEditDelete_SubEntity_Utility(RMA_Functionality_Utility.java:2150)
	at rmaseleniumtestscripts.RMA_SeleniumRegression_TC_130.RMA_SeleniumRegression_TC_130_Test(RMA_SeleniumRegression_TC_130.java:84)
... Removed 29 stack frames]]>
    </failure>
  </testcase> <!-- RMA_SeleniumRegression_TC_130_Test -->
</testsuite> <!-- RMA_SeleniumRegressiom_TC_130_GC -->
