<?xml version="1.0" encoding="UTF-8"?>
<!-- Generated by org.testng.reporters.JUnitXMLReporter -->
<testsuite hostname="CSCINDAE707498" name="RMA_Smoke_TC_019" tests="1" failures="1" timestamp="6 Apr 2018 15:24:23 GMT" time="62.332" errors="0">
  <testcase name="RMA_TC_019_Test" time="37.236" classname="rmaseleniumtestscripts.RMA_Smoke_TC_019">
    <failure type="java.io.FileNotFoundException" message="D:\RMA_SeleniumTestAutomation\RMA_Selenium_TestAutomation_UX\RMATestInputFile\DownloadTestFile\TestFile04062018205342.pdf (The system cannot find the file specified)">
      <![CDATA[java.io.FileNotFoundException: D:\RMA_SeleniumTestAutomation\RMA_Selenium_TestAutomation_UX\RMATestInputFile\DownloadTestFile\TestFile04062018205342.pdf (The system cannot find the file specified)
	at java.io.FileInputStream.open0(Native Method)
	at java.io.FileInputStream.open(Unknown Source)
	at java.io.FileInputStream.<init>(Unknown Source)
	at rmaseleniumutilties_UX.RMA_Verification_Utility.PDFReaderContentVerification_Utility(RMA_Verification_Utility.java:2047)
	at rmaseleniumtestscripts.RMA_Smoke_TC_019.RMA_TC_019_Test(RMA_Smoke_TC_019.java:61)
... Removed 25 stack frames]]>
    </failure>
  </testcase> <!-- RMA_TC_019_Test -->
</testsuite> <!-- RMA_Smoke_TC_019 -->
