<?xml version="1.0" encoding="UTF-8"?>
<!-- Generated by org.testng.reporters.JUnitXMLReporter -->
<testsuite hostname="CSCINDAE707498" name="RMA_QTPRegression_TC_004" tests="1" failures="1" timestamp="11 Dec 2017 10:15:07 GMT" time="220.776" errors="0">
  <testcase name="RMA_QTPRegression_TC_004_Test" time="173.067" classname="rmaseleniumtestscripts.RMA_QTPRegression_TC_004">
    <failure type="org.openqa.selenium.NoSuchElementException" message="Cannot locate element with text: Bank for Duplicacy
For documentation on this error, please visit: http://seleniumhq.org/exceptions/no_such_element.html
Build info: version: &amp;apos;unknown&amp;apos;, revision: &amp;apos;86a5d70&amp;apos;, time: &amp;apos;2017-02-16 07:47:51 -0800&amp;apos;
System info: host: &amp;apos;CSCINDAE707498&amp;apos;, ip: &amp;apos;20.198.154.24&amp;apos;, os.name: &amp;apos;Windows 7&amp;apos;, os.arch: &amp;apos;amd64&amp;apos;, os.version: &amp;apos;6.1&amp;apos;, java.version: &amp;apos;1.8.0_45&amp;apos;
Driver info: driver.version: unknown">
      <![CDATA[org.openqa.selenium.NoSuchElementException: Cannot locate element with text: Bank for Duplicacy
For documentation on this error, please visit: http://seleniumhq.org/exceptions/no_such_element.html
Build info: version: 'unknown', revision: '86a5d70', time: '2017-02-16 07:47:51 -0800'
System info: host: 'CSCINDAE707498', ip: '20.198.154.24', os.name: 'Windows 7', os.arch: 'amd64', os.version: '6.1', java.version: '1.8.0_45'
Driver info: driver.version: unknown
	at org.openqa.selenium.support.ui.Select.selectByVisibleText(Select.java:151)
	at rmaseleniumutilties_UX.RMA_Input_Utility.RMA_ElementWebListSelect_Utility(RMA_Input_Utility.java:329)
	at rmaseleniumutilties_UX.RMA_Functionality_Utility.RMA_ConditionalPaymentCorpAddition_Utility(RMA_Functionality_Utility.java:3951)
	at rmaseleniumtestscripts.RMA_QTPRegression_TC_004.RMA_QTPRegression_TC_004_Test(RMA_QTPRegression_TC_004.java:125)
... Removed 25 stack frames]]>
    </failure>
  </testcase> <!-- RMA_QTPRegression_TC_004_Test -->
</testsuite> <!-- RMA_QTPRegression_TC_004 -->
