<?xml version="1.0" encoding="UTF-8"?>
<!-- Generated by org.testng.reporters.JUnitXMLReporter -->
<testsuite hostname="CSCINDAE707498" name="RMA_SeleniumRegression_TC_039_Property Claim" tests="1" failures="1" timestamp="13 Dec 2017 07:02:26 GMT" time="79.565" errors="0">
  <testcase name="RMA_SeleniumRegression_TC_039_Test" time="55.01" classname="rmaseleniumtestscripts.RMA_SeleniumRegression_TC_039">
    <failure type="org.openqa.selenium.TimeoutException" message="Expected condition failed: waiting for element to be clickable: [[ChromeDriver: chrome on XP (b1bbc9c3d16292017488606cfc628fc7)] -&amp;gt; xpath: .//*[contains(text(),&amp;apos;Employee&amp;apos;)]/ancestor::div[3]//following-sibling::div//*[@uib-tooltip=&amp;apos;Search&amp;apos;]/i] (tried for 10 second(s) with 500 MILLISECONDS interval)
Build info: version: &amp;apos;unknown&amp;apos;, revision: &amp;apos;86a5d70&amp;apos;, time: &amp;apos;2017-02-16 07:47:51 -0800&amp;apos;
System info: host: &amp;apos;CSCINDAE707498&amp;apos;, ip: &amp;apos;20.198.154.24&amp;apos;, os.name: &amp;apos;Windows 7&amp;apos;, os.arch: &amp;apos;amd64&amp;apos;, os.version: &amp;apos;6.1&amp;apos;, java.version: &amp;apos;1.8.0_45&amp;apos;
Driver info: org.openqa.selenium.chrome.ChromeDriver
Capabilities [{applicationCacheEnabled=false, rotatable=false, mobileEmulationEnabled=false, networkConnectionEnabled=false, chrome={chromedriverVersion=2.33.506120 (e3e53437346286c0bc2d2dc9aa4915ba81d9023f), userDataDir=C:\Users\KNAITH~1\AppData\Local\Temp\scoped_dir6116_128}, takesHeapSnapshot=true, pageLoadStrategy=normal, databaseEnabled=false, handlesAlerts=true, hasTouchScreen=false, version=62.0.3202.94, platform=XP, browserConnectionEnabled=false, nativeEvents=true, acceptSslCerts=true, locationContextEnabled=true, webStorageEnabled=true, browserName=chrome, takesScreenshot=true, javascriptEnabled=true, cssSelectorsEnabled=true, setWindowRect=true, unexpectedAlertBehaviour=}]
Session ID: b1bbc9c3d16292017488606cfc628fc7">
      <![CDATA[org.openqa.selenium.TimeoutException: Expected condition failed: waiting for element to be clickable: [[ChromeDriver: chrome on XP (b1bbc9c3d16292017488606cfc628fc7)] -> xpath: .//*[contains(text(),'Employee')]/ancestor::div[3]//following-sibling::div//*[@uib-tooltip='Search']/i] (tried for 10 second(s) with 500 MILLISECONDS interval)
Build info: version: 'unknown', revision: '86a5d70', time: '2017-02-16 07:47:51 -0800'
System info: host: 'CSCINDAE707498', ip: '20.198.154.24', os.name: 'Windows 7', os.arch: 'amd64', os.version: '6.1', java.version: '1.8.0_45'
Driver info: org.openqa.selenium.chrome.ChromeDriver
Capabilities [{applicationCacheEnabled=false, rotatable=false, mobileEmulationEnabled=false, networkConnectionEnabled=false, chrome={chromedriverVersion=2.33.506120 (e3e53437346286c0bc2d2dc9aa4915ba81d9023f), userDataDir=C:\Users\KNAITH~1\AppData\Local\Temp\scoped_dir6116_128}, takesHeapSnapshot=true, pageLoadStrategy=normal, databaseEnabled=false, handlesAlerts=true, hasTouchScreen=false, version=62.0.3202.94, platform=XP, browserConnectionEnabled=false, nativeEvents=true, acceptSslCerts=true, locationContextEnabled=true, webStorageEnabled=true, browserName=chrome, takesScreenshot=true, javascriptEnabled=true, cssSelectorsEnabled=true, setWindowRect=true, unexpectedAlertBehaviour=}]
Session ID: b1bbc9c3d16292017488606cfc628fc7
	at org.openqa.selenium.support.ui.WebDriverWait.timeoutException(WebDriverWait.java:80)
	at org.openqa.selenium.support.ui.FluentWait.until(FluentWait.java:257)
	at rmaseleniumutilties_UX.RMA_Navigation_Utility.RMA_ObjectActionsClick(RMA_Navigation_Utility.java:506)
	at rmaseleniumutilties_UX.RMA_Functionality_Utility.RMA_PersonInvolvedExistingEntityAdd_Utility(RMA_Functionality_Utility.java:3177)
	at rmaseleniumtestscripts.RMA_SeleniumRegression_TC_039.RMA_SeleniumRegression_TC_039_Test(RMA_SeleniumRegression_TC_039.java:52)
... Removed 25 stack frames]]>
    </failure>
  </testcase> <!-- RMA_SeleniumRegression_TC_039_Test -->
</testsuite> <!-- RMA_SeleniumRegression_TC_039_Property Claim -->
