<?xml version="1.0" encoding="UTF-8"?>
<!-- Generated by org.testng.reporters.JUnitXMLReporter -->
<testsuite hostname="CSCINDAE707498" name="RMA_SeleniumRegression_TC_022_Event" tests="1" failures="1" timestamp="2 Apr 2018 12:57:21 GMT" time="101.708" errors="0">
  <testcase name="RMA_SeleniumRegression_TC_022_Test" time="76.652" classname="rmaseleniumtestscripts.RMA_SeleniumRegression_TC_022">
    <failure type="org.openqa.selenium.WebDriverException" message="unknown error: Element &amp;lt;span ng-class=&amp;quot;orghierarchyVM.orghSelectedNode === node.level ? &amp;apos;orghselectednode&amp;apos; : &amp;apos;&amp;apos;&amp;quot; class=&amp;quot;ng-binding ng-scope orghselectednode&amp;quot;&amp;gt;...&amp;lt;/span&amp;gt; is not clickable at point (241, 605). Other element would receive the click: &amp;lt;span ng-class=&amp;quot;orghierarchyVM.orghSelectedNode === node.level ? &amp;apos;orghselectednode&amp;apos; : &amp;apos;&amp;apos;&amp;quot; class=&amp;quot;ng-binding ng-scope orghselectednode&amp;quot;&amp;gt;...&amp;lt;/span&amp;gt;
  (Session info: chrome=65.0.3325.181)
  (Driver info: chromedriver=2.35.528161 (5b82f2d2aae0ca24b877009200ced9065a772e73),platform=Windows NT 6.1.7601 SP1 x86_64) (WARNING: The server did not provide any stacktrace information)
Command duration or timeout: 88 milliseconds
Build info: version: &amp;apos;unknown&amp;apos;, revision: &amp;apos;unknown&amp;apos;, time: &amp;apos;unknown&amp;apos;
System info: host: &amp;apos;CSCINDAE707498&amp;apos;, ip: &amp;apos;20.198.112.132&amp;apos;, os.name: &amp;apos;Windows 7&amp;apos;, os.arch: &amp;apos;amd64&amp;apos;, os.version: &amp;apos;6.1&amp;apos;, java.version: &amp;apos;1.8.0_45&amp;apos;
Driver info: org.openqa.selenium.chrome.ChromeDriver
Capabilities [{applicationCacheEnabled=false, rotatable=false, mobileEmulationEnabled=false, networkConnectionEnabled=false, chrome={chromedriverVersion=2.35.528161 (5b82f2d2aae0ca24b877009200ced9065a772e73), userDataDir=C:\Users\arai24\AppData\Local\Temp\scoped_dir2012_11428}, takesHeapSnapshot=true, pageLoadStrategy=normal, databaseEnabled=false, handlesAlerts=true, hasTouchScreen=false, version=65.0.3325.181, platform=XP, browserConnectionEnabled=false, nativeEvents=true, acceptSslCerts=false, acceptInsecureCerts=false, locationContextEnabled=true, webStorageEnabled=true, browserName=chrome, takesScreenshot=true, javascriptEnabled=true, cssSelectorsEnabled=true, setWindowRect=true, unexpectedAlertBehaviour=}]
Session ID: 95c1da307cdd0bc6fa490fa89ef22ec0">
      <![CDATA[org.openqa.selenium.WebDriverException: unknown error: Element <span ng-class="orghierarchyVM.orghSelectedNode === node.level ? 'orghselectednode' : ''" class="ng-binding ng-scope orghselectednode">...</span> is not clickable at point (241, 605). Other element would receive the click: <span ng-class="orghierarchyVM.orghSelectedNode === node.level ? 'orghselectednode' : ''" class="ng-binding ng-scope orghselectednode">...</span>
  (Session info: chrome=65.0.3325.181)
  (Driver info: chromedriver=2.35.528161 (5b82f2d2aae0ca24b877009200ced9065a772e73),platform=Windows NT 6.1.7601 SP1 x86_64) (WARNING: The server did not provide any stacktrace information)
Command duration or timeout: 88 milliseconds
Build info: version: 'unknown', revision: 'unknown', time: 'unknown'
System info: host: 'CSCINDAE707498', ip: '20.198.112.132', os.name: 'Windows 7', os.arch: 'amd64', os.version: '6.1', java.version: '1.8.0_45'
Driver info: org.openqa.selenium.chrome.ChromeDriver
Capabilities [{applicationCacheEnabled=false, rotatable=false, mobileEmulationEnabled=false, networkConnectionEnabled=false, chrome={chromedriverVersion=2.35.528161 (5b82f2d2aae0ca24b877009200ced9065a772e73), userDataDir=C:\Users\arai24\AppData\Local\Temp\scoped_dir2012_11428}, takesHeapSnapshot=true, pageLoadStrategy=normal, databaseEnabled=false, handlesAlerts=true, hasTouchScreen=false, version=65.0.3325.181, platform=XP, browserConnectionEnabled=false, nativeEvents=true, acceptSslCerts=false, acceptInsecureCerts=false, locationContextEnabled=true, webStorageEnabled=true, browserName=chrome, takesScreenshot=true, javascriptEnabled=true, cssSelectorsEnabled=true, setWindowRect=true, unexpectedAlertBehaviour=}]
Session ID: 95c1da307cdd0bc6fa490fa89ef22ec0
	at org.openqa.selenium.remote.ErrorHandler.createThrowable(ErrorHandler.java:215)
	at org.openqa.selenium.remote.ErrorHandler.throwIfResponseFailed(ErrorHandler.java:167)
	at org.openqa.selenium.remote.RemoteWebDriver.execute(RemoteWebDriver.java:671)
	at org.openqa.selenium.remote.RemoteWebElement.execute(RemoteWebElement.java:272)
	at org.openqa.selenium.remote.RemoteWebElement.click(RemoteWebElement.java:82)
	at rmaseleniumutilties_UX.RMA_Navigation_Utility.RMA_ObjectClick(RMA_Navigation_Utility.java:209)
	at rmaseleniumutilties_UX.RMA_Functionality_Utility.RMA_VehicleCorpClaimCreation(RMA_Functionality_Utility.java:703)
	at rmaseleniumtestscripts.RMA_SeleniumRegression_TC_022.RMA_SeleniumRegression_TC_022_Test(RMA_SeleniumRegression_TC_022.java:68)
... Removed 29 stack frames]]>
    </failure>
  </testcase> <!-- RMA_SeleniumRegression_TC_022_Test -->
</testsuite> <!-- RMA_SeleniumRegression_TC_022_Event -->
