<?xml version="1.0" encoding="UTF-8"?>
<!-- Generated by org.testng.reporters.JUnitXMLReporter -->
<testsuite hostname="CSCINDAE707498" name="RMA_Smoke_TC_002_GC_I" tests="1" failures="1" timestamp="9 Apr 2018 07:31:47 GMT" time="213.576" errors="0">
  <testcase name="RMA_Smoke_TC_002_GC_Test" time="187.898" classname="rmaseleniumtestscripts.RMA_Smoke_TC_002_GC">
    <failure type="java.lang.AssertionError" message="null">
      <![CDATA[java.lang.AssertionError: null
	at rmaseleniumutilties_UX.RMA_Functionality_Utility.RMA_GenericSave_Utility(RMA_Functionality_Utility.java:296)
	at rmaseleniumtestscripts.RMA_Smoke_TC_002_GC.RMA_Smoke_TC_002_GC_Test(RMA_Smoke_TC_002_GC.java:102)
... Removed 27 stack frames]]>
    </failure>
  </testcase> <!-- RMA_Smoke_TC_002_GC_Test -->
</testsuite> <!-- RMA_Smoke_TC_002_GC_I -->
