<?xml version="1.0" encoding="UTF-8"?>
<!-- Generated by org.testng.reporters.JUnitXMLReporter -->
<testsuite hostname="CSCINDAE707498" name="RMA_SeleniumRegressiom_TC_076_NonOcc" tests="1" failures="1" timestamp="19 Jan 2018 06:35:31 GMT" time="187.427" errors="0">
  <testcase name="RMA_SeleniumRegression_TC_076_Test" time="134.578" classname="rmaseleniumtestscripts.RMA_SeleniumRegression_TC_076">
    <failure type="java.lang.AssertionError" message="null">
      <![CDATA[java.lang.AssertionError: null
	at rmaseleniumutilties_UX.RMA_Functionality_Utility.RMA_GenericSave_Utility(RMA_Functionality_Utility.java:305)
	at rmaseleniumutilties_UX.RMA_Functionality_Utility.RMA_PaymentCorpAddition_Utility(RMA_Functionality_Utility.java:1615)
	at rmaseleniumtestscripts.RMA_SeleniumRegression_TC_076.RMA_SeleniumRegression_TC_076_Test(RMA_SeleniumRegression_TC_076.java:80)
... Removed 27 stack frames]]>
    </failure>
  </testcase> <!-- RMA_SeleniumRegression_TC_076_Test -->
</testsuite> <!-- RMA_SeleniumRegressiom_TC_076_NonOcc -->
