<?xml version="1.0" encoding="UTF-8"?>
<!-- Generated by org.testng.reporters.JUnitXMLReporter -->
<testsuite hostname="CSCINDAE707498" name="RMA_QTPRegression_TC_028" tests="1" failures="1" timestamp="9 Apr 2018 06:42:41 GMT" time="307.495" errors="0">
  <testcase name="RMA_QTPRegression_TC_028_Test" time="270.189" classname="rmaseleniumtestscripts.RMA_QTPRegression_TC_028">
    <failure type="java.lang.AssertionError" message="null">
      <![CDATA[java.lang.AssertionError: null
	at rmaseleniumutilties_UX.RMA_Navigation_Utility.RMA_MenuOptionClick(RMA_Navigation_Utility.java:602)
	at rmaseleniumutilties_UX.RMA_Functionality_Utility.RMA_MenuOptionClick_Utility(RMA_Functionality_Utility.java:412)
	at rmaseleniumutilties_UX.RMA_Claims_Functionality_Utility.RMA_CombinedPayee_Add_Utility(RMA_Claims_Functionality_Utility.java:206)
	at rmaseleniumtestscripts.RMA_QTPRegression_TC_028.RMA_QTPRegression_TC_028_Test(RMA_QTPRegression_TC_028.java:200)
... Removed 27 stack frames]]>
    </failure>
  </testcase> <!-- RMA_QTPRegression_TC_028_Test -->
</testsuite> <!-- RMA_QTPRegression_TC_028 -->
