<?xml version="1.0" encoding="UTF-8"?>
<!-- Generated by org.testng.reporters.JUnitXMLReporter -->
<testsuite hostname="CSCINDAE707498" name="RMA_Smoke_TC_035" tests="1" failures="1" timestamp="15 Sep 2017 11:37:24 GMT" time="38.23" errors="0">
  <testcase name="RMA_Smoke_TC_035_Test" time="27.823" classname="rmaseleniumtestscripts.RMA_Smoke_TC_035">
    <failure type="java.lang.AssertionError" message="expected [true] but found [false]">
      <![CDATA[java.lang.AssertionError: expected [true] but found [false]
	at rmaseleniumutilties_UX.RMA_Verification_Utility.RMA_PartialTextVerification(RMA_Verification_Utility.java:395)
	at rmaseleniumutilties_UX.RMA_Functionality_Utility.RMA_SendMail_Utility(RMA_Functionality_Utility.java:1937)
	at rmaseleniumtestscripts.RMA_Smoke_TC_035.RMA_Smoke_TC_035_Test(RMA_Smoke_TC_035.java:57)
... Removed 29 stack frames]]>
    </failure>
  </testcase> <!-- RMA_Smoke_TC_035_Test -->
</testsuite> <!-- RMA_Smoke_TC_035 -->
