<?xml version="1.0" encoding="UTF-8"?>
<!-- Generated by org.testng.reporters.JUnitXMLReporter -->
<testsuite hostname="CSCINDAE707498" name="RMA_Smoke_TC_058" tests="1" failures="1" timestamp="9 Apr 2018 05:53:02 GMT" time="98.474" errors="0">
  <testcase name="RMA_Smoke_TC_058_Test" time="73.775" classname="rmaseleniumtestscripts.RMA_Smoke_TC_058">
    <failure type="org.openqa.selenium.WebDriverException" message="unknown error: Element &amp;lt;button id=&amp;quot;btn_policyLOBCode&amp;quot; ng-disabled=&amp;quot;lookupCtrl.lookupreadonly&amp;quot; name=&amp;quot;btn_policyLOBCode&amp;quot; type=&amp;quot;button&amp;quot; class=&amp;quot;btn btn-primary&amp;quot; ng-click=&amp;quot;lookupCtrl.openLookUp(event, &amp;apos;md&amp;apos;)&amp;quot;&amp;gt;...&amp;lt;/button&amp;gt; is not clickable at point (231, 230). Other element would receive the click: &amp;lt;iframe ng-src=&amp;quot;https://ec2-52-41-122-195.us-west-2.compute.amazonaws.com/RiskmasterUX/orghierarchy/#/FromLookup?bFromLookup=true&amp;amp;amp;AllowedLevel=Department&amp;quot; type=&amp;quot;text/html&amp;quot; width=&amp;quot;100%&amp;quot; height=&amp;quot;96%&amp;quot; src=&amp;quot;https://ec2-52-41-122-195.us-west-2.compute.amazonaws.com/RiskmasterUX/orghierarchy/#/FromLookup?bFromLookup=true&amp;amp;amp;AllowedLevel=Department&amp;quot; cd_frame_id_=&amp;quot;370bb511f64bfb9c12e6f8ff9eb32681&amp;quot;&amp;gt;&amp;lt;/iframe&amp;gt;
  (Session info: chrome=65.0.3325.181)
  (Driver info: chromedriver=2.36.540470 (e522d04694c7ebea4ba8821272dbef4f9b818c91),platform=Windows NT 6.1.7601 SP1 x86_64) (WARNING: The server did not provide any stacktrace information)
Command duration or timeout: 53 milliseconds
Build info: version: &amp;apos;unknown&amp;apos;, revision: &amp;apos;unknown&amp;apos;, time: &amp;apos;unknown&amp;apos;
System info: host: &amp;apos;CSCINDAE707498&amp;apos;, ip: &amp;apos;20.198.112.132&amp;apos;, os.name: &amp;apos;Windows 7&amp;apos;, os.arch: &amp;apos;amd64&amp;apos;, os.version: &amp;apos;6.1&amp;apos;, java.version: &amp;apos;1.8.0_45&amp;apos;
Driver info: org.openqa.selenium.chrome.ChromeDriver
Capabilities [{applicationCacheEnabled=false, rotatable=false, mobileEmulationEnabled=false, networkConnectionEnabled=false, chrome={chromedriverVersion=2.36.540470 (e522d04694c7ebea4ba8821272dbef4f9b818c91), userDataDir=C:\Users\arai24\AppData\Local\Temp\scoped_dir6096_3474}, takesHeapSnapshot=true, pageLoadStrategy=normal, databaseEnabled=false, handlesAlerts=true, hasTouchScreen=false, version=65.0.3325.181, platform=XP, browserConnectionEnabled=false, nativeEvents=true, acceptSslCerts=false, acceptInsecureCerts=false, locationContextEnabled=true, webStorageEnabled=true, browserName=chrome, takesScreenshot=true, javascriptEnabled=true, cssSelectorsEnabled=true, setWindowRect=true, unexpectedAlertBehaviour=}]
Session ID: 892ec32d2221f91965edeb4746032020">
      <![CDATA[org.openqa.selenium.WebDriverException: unknown error: Element <button id="btn_policyLOBCode" ng-disabled="lookupCtrl.lookupreadonly" name="btn_policyLOBCode" type="button" class="btn btn-primary" ng-click="lookupCtrl.openLookUp(event, 'md')">...</button> is not clickable at point (231, 230). Other element would receive the click: <iframe ng-src="https://ec2-52-41-122-195.us-west-2.compute.amazonaws.com/RiskmasterUX/orghierarchy/#/FromLookup?bFromLookup=true&amp;AllowedLevel=Department" type="text/html" width="100%" height="96%" src="https://ec2-52-41-122-195.us-west-2.compute.amazonaws.com/RiskmasterUX/orghierarchy/#/FromLookup?bFromLookup=true&amp;AllowedLevel=Department" cd_frame_id_="370bb511f64bfb9c12e6f8ff9eb32681"></iframe>
  (Session info: chrome=65.0.3325.181)
  (Driver info: chromedriver=2.36.540470 (e522d04694c7ebea4ba8821272dbef4f9b818c91),platform=Windows NT 6.1.7601 SP1 x86_64) (WARNING: The server did not provide any stacktrace information)
Command duration or timeout: 53 milliseconds
Build info: version: 'unknown', revision: 'unknown', time: 'unknown'
System info: host: 'CSCINDAE707498', ip: '20.198.112.132', os.name: 'Windows 7', os.arch: 'amd64', os.version: '6.1', java.version: '1.8.0_45'
Driver info: org.openqa.selenium.chrome.ChromeDriver
Capabilities [{applicationCacheEnabled=false, rotatable=false, mobileEmulationEnabled=false, networkConnectionEnabled=false, chrome={chromedriverVersion=2.36.540470 (e522d04694c7ebea4ba8821272dbef4f9b818c91), userDataDir=C:\Users\arai24\AppData\Local\Temp\scoped_dir6096_3474}, takesHeapSnapshot=true, pageLoadStrategy=normal, databaseEnabled=false, handlesAlerts=true, hasTouchScreen=false, version=65.0.3325.181, platform=XP, browserConnectionEnabled=false, nativeEvents=true, acceptSslCerts=false, acceptInsecureCerts=false, locationContextEnabled=true, webStorageEnabled=true, browserName=chrome, takesScreenshot=true, javascriptEnabled=true, cssSelectorsEnabled=true, setWindowRect=true, unexpectedAlertBehaviour=}]
Session ID: 892ec32d2221f91965edeb4746032020
	at org.openqa.selenium.remote.ErrorHandler.createThrowable(ErrorHandler.java:215)
	at org.openqa.selenium.remote.ErrorHandler.throwIfResponseFailed(ErrorHandler.java:167)
	at org.openqa.selenium.remote.RemoteWebDriver.execute(RemoteWebDriver.java:671)
	at org.openqa.selenium.remote.RemoteWebElement.execute(RemoteWebElement.java:272)
	at org.openqa.selenium.remote.RemoteWebElement.click(RemoteWebElement.java:82)
	at rmaseleniumutilties_UX.RMA_Navigation_Utility.RMA_ObjectClick(RMA_Navigation_Utility.java:209)
	at rmaseleniumutilties_UX.RMA_Functionality_Utility.RMA_CarrierGCClaimCreation(RMA_Functionality_Utility.java:4222)
	at rmaseleniumtestscripts.RMA_Smoke_TC_058.RMA_Smoke_TC_058_Test(RMA_Smoke_TC_058.java:78)
... Removed 29 stack frames]]>
    </failure>
  </testcase> <!-- RMA_Smoke_TC_058_Test -->
</testsuite> <!-- RMA_Smoke_TC_058 -->
