<?xml version="1.0" encoding="UTF-8"?>
<!-- Generated by org.testng.reporters.JUnitXMLReporter -->
<testsuite hostname="CSCINDAE750032" name="RMA_TC_293_GC" tests="1" failures="1" timestamp="16 May 2017 14:36:58 GMT" time="69.484" errors="0">
  <testcase name="RMA_TC_293_Test" time="52.151" classname="rmaseleniumtestscripts.RMA_TC_293">
    <failure type="java.lang.AssertionError" message="null">
      <![CDATA[java.lang.AssertionError: null
	at rmaseleniumutilties.RMA_Navigation_Utility.RMA_SelectWTObjectByValue_Utility(RMA_Navigation_Utility.java:306)
	at rmaseleniumutilties.RMA_Functionality_Utility.RMA_ClaimEntityAddition_Utility(RMA_Functionality_Utility.java:773)
	at rmaseleniumtestscripts.RMA_TC_293.RMA_TC_293_Test(RMA_TC_293.java:59)
... Removed 27 stack frames]]>
    </failure>
  </testcase> <!-- RMA_TC_293_Test -->
</testsuite> <!-- RMA_TC_293_GC -->
