<?xml version="1.0" encoding="UTF-8"?>
<!-- Generated by org.testng.reporters.JUnitXMLReporter -->
<testsuite hostname="CSCINDAE750032" name="RMA_TC_336_VehicleAccClaim" tests="1" failures="1" timestamp="15 May 2017 16:04:19 GMT" time="57.868" errors="0">
  <testcase name="RMA_TC_336_Test" time="50.559" classname="rmaseleniumtestscripts.RMA_TC_336">
    <failure type="java.lang.AssertionError" message="null">
      <![CDATA[java.lang.AssertionError: null
	at rmaseleniumutilties.RMA_Navigation_Utility.RMA_SelectWTObjectByValue_Utility(RMA_Navigation_Utility.java:306)
	at rmaseleniumutilties.RMA_Functionality_Utility.RMA_ClaimEntityAddition_Utility(RMA_Functionality_Utility.java:773)
	at rmaseleniumtestscripts.RMA_TC_336.RMA_TC_336_Test(RMA_TC_336.java:57)
... Removed 27 stack frames]]>
    </failure>
  </testcase> <!-- RMA_TC_336_Test -->
</testsuite> <!-- RMA_TC_336_VehicleAccClaim -->
