<?xml version="1.0" encoding="UTF-8"?>
<!-- Generated by org.testng.reporters.JUnitXMLReporter -->
<testsuite hostname="CSCINDAE750032" name="RMA_Smoke_TC_001" tests="1" failures="1" timestamp="7 Jul 2017 09:30:56 GMT" time="104.128" errors="0">
  <testcase name="RMA_Smoke_TC_001_Test" time="96.153" classname="rmaseleniumtestscripts.RMA_Smoke_TC_001">
    <failure type="java.lang.AssertionError" message="expected [true] but found [false]">
      <![CDATA[java.lang.AssertionError: expected [true] but found [false]
	at rmaseleniumutilties.RMA_NegativeVerification_Utility.RMA_ElementNotExist_Utility(RMA_NegativeVerification_Utility.java:44)
	at rmaseleniumtestscripts.RMA_TC_003.EventCreation(RMA_TC_003.java:76)
	at rmaseleniumtestscripts.RMA_Smoke_TC_001.RMA_Smoke_TC_001_Test(RMA_Smoke_TC_001.java:66)
... Removed 29 stack frames]]>
    </failure>
  </testcase> <!-- RMA_Smoke_TC_001_Test -->
</testsuite> <!-- RMA_Smoke_TC_001 -->
