<?xml version="1.0" encoding="UTF-8"?>
<!-- Generated by org.testng.reporters.JUnitXMLReporter -->
<testsuite hostname="CSCINDAE750032" name="RMA_TC_335_GeneralClaim" tests="1" failures="1" timestamp="17 May 2017 10:16:31 GMT" time="117.276" errors="0">
  <testcase name="RMA_TC_335_GeneralClaim_Test" time="109.567" classname="rmaseleniumtestscripts.RMA_TC_335_GeneralClaim">
    <failure type="org.openqa.selenium.WebDriverException" message="unknown error: Element &amp;lt;a name=&amp;quot;EditNote&amp;quot; id=&amp;quot;btnEditNote&amp;quot; ng-click=&amp;quot;vm.DisabledEdit || vm.EditNote()&amp;quot;&amp;gt;...&amp;lt;/a&amp;gt; is not clickable at point (102, 48). Other element would receive the click: &amp;lt;div ng-show=&amp;quot;commonLoader&amp;quot; style=&amp;quot;position: absolute; z-index: 99999; width: 99.9%; height: 99.9%; background: rgba(153, 153, 153, 0.6);&amp;quot; aria-hidden=&amp;quot;false&amp;quot; class=&amp;quot;&amp;quot;&amp;gt;...&amp;lt;/div&amp;gt;
  (Session info: chrome=58.0.3029.110)
  (Driver info: chromedriver=2.29.461591 (62ebf098771772160f391d75e589dc567915b233),platform=Windows NT 6.1.7601 SP1 x86_64) (WARNING: The server did not provide any stacktrace information)
Command duration or timeout: 52 milliseconds
Build info: version: &amp;apos;2.53.0&amp;apos;, revision: &amp;apos;35ae25b&amp;apos;, time: &amp;apos;2016-03-15 16:57:40&amp;apos;
System info: host: &amp;apos;CSCINDAE750032&amp;apos;, ip: &amp;apos;20.198.154.87&amp;apos;, os.name: &amp;apos;Windows 7&amp;apos;, os.arch: &amp;apos;amd64&amp;apos;, os.version: &amp;apos;6.1&amp;apos;, java.version: &amp;apos;1.8.0_121&amp;apos;
Driver info: org.openqa.selenium.chrome.ChromeDriver
Capabilities [{applicationCacheEnabled=false, rotatable=false, mobileEmulationEnabled=false, networkConnectionEnabled=false, chrome={chromedriverVersion=2.29.461591 (62ebf098771772160f391d75e589dc567915b233), userDataDir=C:\Users\msingh50\AppData\Local\Temp\scoped_dir8748_23098}, takesHeapSnapshot=true, pageLoadStrategy=normal, databaseEnabled=false, handlesAlerts=true, hasTouchScreen=false, version=58.0.3029.110, platform=XP, browserConnectionEnabled=false, nativeEvents=true, acceptSslCerts=true, locationContextEnabled=true, webStorageEnabled=true, browserName=chrome, takesScreenshot=true, javascriptEnabled=true, cssSelectorsEnabled=true, unexpectedAlertBehaviour=}]
Session ID: 748b6e1a41bd8338dd0acef6289312f8">
      <![CDATA[org.openqa.selenium.WebDriverException: unknown error: Element <a name="EditNote" id="btnEditNote" ng-click="vm.DisabledEdit || vm.EditNote()">...</a> is not clickable at point (102, 48). Other element would receive the click: <div ng-show="commonLoader" style="position: absolute; z-index: 99999; width: 99.9%; height: 99.9%; background: rgba(153, 153, 153, 0.6);" aria-hidden="false" class="">...</div>
  (Session info: chrome=58.0.3029.110)
  (Driver info: chromedriver=2.29.461591 (62ebf098771772160f391d75e589dc567915b233),platform=Windows NT 6.1.7601 SP1 x86_64) (WARNING: The server did not provide any stacktrace information)
Command duration or timeout: 52 milliseconds
Build info: version: '2.53.0', revision: '35ae25b', time: '2016-03-15 16:57:40'
System info: host: 'CSCINDAE750032', ip: '20.198.154.87', os.name: 'Windows 7', os.arch: 'amd64', os.version: '6.1', java.version: '1.8.0_121'
Driver info: org.openqa.selenium.chrome.ChromeDriver
Capabilities [{applicationCacheEnabled=false, rotatable=false, mobileEmulationEnabled=false, networkConnectionEnabled=false, chrome={chromedriverVersion=2.29.461591 (62ebf098771772160f391d75e589dc567915b233), userDataDir=C:\Users\msingh50\AppData\Local\Temp\scoped_dir8748_23098}, takesHeapSnapshot=true, pageLoadStrategy=normal, databaseEnabled=false, handlesAlerts=true, hasTouchScreen=false, version=58.0.3029.110, platform=XP, browserConnectionEnabled=false, nativeEvents=true, acceptSslCerts=true, locationContextEnabled=true, webStorageEnabled=true, browserName=chrome, takesScreenshot=true, javascriptEnabled=true, cssSelectorsEnabled=true, unexpectedAlertBehaviour=}]
Session ID: 748b6e1a41bd8338dd0acef6289312f8
	at org.openqa.selenium.remote.ErrorHandler.createThrowable(ErrorHandler.java:206)
	at org.openqa.selenium.remote.ErrorHandler.throwIfResponseFailed(ErrorHandler.java:158)
	at org.openqa.selenium.remote.RemoteWebDriver.execute(RemoteWebDriver.java:678)
	at org.openqa.selenium.remote.RemoteWebElement.execute(RemoteWebElement.java:327)
	at org.openqa.selenium.remote.RemoteWebElement.click(RemoteWebElement.java:85)
	at rmaseleniumutilties.RMA_Navigation_Utility.RMA_ObjectClick(RMA_Navigation_Utility.java:204)
	at rmaseleniumutilties.RMA_Functionality_Utility.RMA_EnhancedNotesCreateEditDelete_Utility(RMA_Functionality_Utility.java:2201)
	at rmaseleniumtestscripts.RMA_TC_335_GeneralClaim.RMA_TC_335_GeneralClaim_Test(RMA_TC_335_GeneralClaim.java:73)
... Removed 29 stack frames]]>
    </failure>
  </testcase> <!-- RMA_TC_335_GeneralClaim_Test -->
</testsuite> <!-- RMA_TC_335_GeneralClaim -->
