<?xml version="1.0" encoding="UTF-8"?>
<!-- Generated by org.testng.reporters.JUnitXMLReporter -->
<testsuite hostname="CSCINDAE750032" name="RMA_TC_338_VehicleAccClaim" tests="1" failures="1" timestamp="15 May 2017 16:07:09 GMT" time="70.497" errors="0">
  <testcase name="RMA_TC_338_Test" time="61.385" classname="rmaseleniumtestscripts.RMA_TC_338">
    <failure type="org.openqa.selenium.WebDriverException" message="unknown error: Element &amp;lt;button id=&amp;quot;btn_noteslookup&amp;quot; name=&amp;quot;btn_noteslookup&amp;quot; type=&amp;quot;button&amp;quot; class=&amp;quot;btn btn-primary&amp;quot; ng-click=&amp;quot;lookupCtrl.openLookUp(event, &amp;apos;md&amp;apos;)&amp;quot;&amp;gt;...&amp;lt;/button&amp;gt; is not clickable at point (421, 407). Other element would receive the click: &amp;lt;div ng-show=&amp;quot;commonLoader&amp;quot; style=&amp;quot;position: absolute; z-index: 99999; width: 99.9%; height: 99.9%; background: rgba(153, 153, 153, 0.6);&amp;quot; aria-hidden=&amp;quot;false&amp;quot; class=&amp;quot;&amp;quot;&amp;gt;...&amp;lt;/div&amp;gt;
  (Session info: chrome=58.0.3029.96)
  (Driver info: chromedriver=2.29.461591 (62ebf098771772160f391d75e589dc567915b233),platform=Windows NT 6.1.7601 SP1 x86_64) (WARNING: The server did not provide any stacktrace information)
Command duration or timeout: 57 milliseconds
Build info: version: &amp;apos;2.53.0&amp;apos;, revision: &amp;apos;35ae25b&amp;apos;, time: &amp;apos;2016-03-15 16:57:40&amp;apos;
System info: host: &amp;apos;CSCINDAE750032&amp;apos;, ip: &amp;apos;20.198.154.87&amp;apos;, os.name: &amp;apos;Windows 7&amp;apos;, os.arch: &amp;apos;amd64&amp;apos;, os.version: &amp;apos;6.1&amp;apos;, java.version: &amp;apos;1.8.0_121&amp;apos;
Driver info: org.openqa.selenium.chrome.ChromeDriver
Capabilities [{applicationCacheEnabled=false, rotatable=false, mobileEmulationEnabled=false, networkConnectionEnabled=false, chrome={chromedriverVersion=2.29.461591 (62ebf098771772160f391d75e589dc567915b233), userDataDir=C:\Users\msingh50\AppData\Local\Temp\scoped_dir11748_6088}, takesHeapSnapshot=true, pageLoadStrategy=normal, databaseEnabled=false, handlesAlerts=true, hasTouchScreen=false, version=58.0.3029.96, platform=XP, browserConnectionEnabled=false, nativeEvents=true, acceptSslCerts=true, locationContextEnabled=true, webStorageEnabled=true, browserName=chrome, takesScreenshot=true, javascriptEnabled=true, cssSelectorsEnabled=true, unexpectedAlertBehaviour=}]
Session ID: ead09c6e6f77e4c6569b344818a523a5">
      <![CDATA[org.openqa.selenium.WebDriverException: unknown error: Element <button id="btn_noteslookup" name="btn_noteslookup" type="button" class="btn btn-primary" ng-click="lookupCtrl.openLookUp(event, 'md')">...</button> is not clickable at point (421, 407). Other element would receive the click: <div ng-show="commonLoader" style="position: absolute; z-index: 99999; width: 99.9%; height: 99.9%; background: rgba(153, 153, 153, 0.6);" aria-hidden="false" class="">...</div>
  (Session info: chrome=58.0.3029.96)
  (Driver info: chromedriver=2.29.461591 (62ebf098771772160f391d75e589dc567915b233),platform=Windows NT 6.1.7601 SP1 x86_64) (WARNING: The server did not provide any stacktrace information)
Command duration or timeout: 57 milliseconds
Build info: version: '2.53.0', revision: '35ae25b', time: '2016-03-15 16:57:40'
System info: host: 'CSCINDAE750032', ip: '20.198.154.87', os.name: 'Windows 7', os.arch: 'amd64', os.version: '6.1', java.version: '1.8.0_121'
Driver info: org.openqa.selenium.chrome.ChromeDriver
Capabilities [{applicationCacheEnabled=false, rotatable=false, mobileEmulationEnabled=false, networkConnectionEnabled=false, chrome={chromedriverVersion=2.29.461591 (62ebf098771772160f391d75e589dc567915b233), userDataDir=C:\Users\msingh50\AppData\Local\Temp\scoped_dir11748_6088}, takesHeapSnapshot=true, pageLoadStrategy=normal, databaseEnabled=false, handlesAlerts=true, hasTouchScreen=false, version=58.0.3029.96, platform=XP, browserConnectionEnabled=false, nativeEvents=true, acceptSslCerts=true, locationContextEnabled=true, webStorageEnabled=true, browserName=chrome, takesScreenshot=true, javascriptEnabled=true, cssSelectorsEnabled=true, unexpectedAlertBehaviour=}]
Session ID: ead09c6e6f77e4c6569b344818a523a5
	at org.openqa.selenium.remote.ErrorHandler.createThrowable(ErrorHandler.java:206)
	at org.openqa.selenium.remote.ErrorHandler.throwIfResponseFailed(ErrorHandler.java:158)
	at org.openqa.selenium.remote.RemoteWebDriver.execute(RemoteWebDriver.java:678)
	at org.openqa.selenium.remote.RemoteWebElement.execute(RemoteWebElement.java:327)
	at org.openqa.selenium.remote.RemoteWebElement.click(RemoteWebElement.java:85)
	at rmaseleniumutilties.RMA_Navigation_Utility.RMA_ObjectClick(RMA_Navigation_Utility.java:203)
	at rmaseleniumutilties.RMA_Functionality_Utility.RMA_EnhancedNotesCreateEditDelete_Utility(RMA_Functionality_Utility.java:2170)
	at rmaseleniumtestscripts.RMA_TC_338.RMA_TC_338_Test(RMA_TC_338.java:69)
... Removed 28 stack frames]]>
    </failure>
  </testcase> <!-- RMA_TC_338_Test -->
</testsuite> <!-- RMA_TC_338_VehicleAccClaim -->
