<?xml version="1.0" encoding="UTF-8"?>
<!-- Generated by org.testng.reporters.JUnitXMLReporter -->
<testsuite hostname="CSCINDAE750032" name="RMA_Smoke_TC_047" tests="1" failures="1" timestamp="19 Apr 2017 13:14:34 GMT" time="77.064" errors="0">
  <testcase name="RMA_Smoke_TC_047_Test" time="67.082" classname="rmaseleniumtestscripts.RMA_Smoke_TC_047">
    <failure type="java.lang.AssertionError" message="expected [true] but found [false]">
      <![CDATA[java.lang.AssertionError: expected [true] but found [false]
	at rmaseleniumutilties.RMA_NegativeVerification_Utility.RMA_ElementNotExist_Utility(RMA_NegativeVerification_Utility.java:44)
	at rmaseleniumutilties.RMA_GenericUsages_Utility.RMA_ErrorMessageOnSave(RMA_GenericUsages_Utility.java:934)
	at rmaseleniumutilties.RMA_Functionality_Utility.RMA_PaymentAddition_Utility_ACON(RMA_Functionality_Utility.java:2854)
	at rmaseleniumtestscripts.RMA_Smoke_TC_047.RMA_Smoke_TC_047_Test(RMA_Smoke_TC_047.java:69)
... Removed 29 stack frames]]>
    </failure>
  </testcase> <!-- RMA_Smoke_TC_047_Test -->
</testsuite> <!-- RMA_Smoke_TC_047 -->
