<?xml version="1.0" encoding="UTF-8"?>
<!-- Generated by org.testng.reporters.JUnitXMLReporter -->
<testsuite hostname="CSCINDAE707498" name="Default test" tests="1" failures="0" timestamp="12 Feb 2018 08:41:29 GMT" time="0.022" errors="0">
  <testcase name="@BeforeSuite SetUp" time="0.0" classname="rmaseleniumtestscripts.RMA_QTPRegression_TC_119">
    <failure type="org.testng.TestNGException" message="
Parameter &amp;apos;DataSourceRow&amp;apos; is required by @Configuration on method SetUp but has not been marked @Optional or defined
in C:\Users\knaithani\AppData\Local\Temp\testng-eclipse--1459651293\testng-customsuite.xml">
      <![CDATA[org.testng.TestNGException: 
Parameter 'DataSourceRow' is required by @Configuration on method SetUp but has not been marked @Optional or defined
in C:\Users\knaithani\AppData\Local\Temp\testng-eclipse--1459651293\testng-customsuite.xml
	at org.testng.internal.Parameters.createParameters(Parameters.java:156)
	at org.testng.internal.Parameters.createParameters(Parameters.java:370)
	at org.testng.internal.Parameters.createConfigurationParameters(Parameters.java:86)
	at org.testng.internal.Invoker.invokeConfigurations(Invoker.java:202)
	at org.testng.internal.Invoker.invokeConfigurations(Invoker.java:143)
	at org.testng.SuiteRunner.privateRun(SuiteRunner.java:307)
	at org.testng.SuiteRunner.run(SuiteRunner.java:270)
	at org.testng.SuiteRunnerWorker.runSuite(SuiteRunnerWorker.java:52)
	at org.testng.SuiteRunnerWorker.run(SuiteRunnerWorker.java:86)
	at org.testng.TestNG.runSuitesSequentially(TestNG.java:1284)
	at org.testng.TestNG.runSuitesLocally(TestNG.java:1209)
	at org.testng.TestNG.runSuites(TestNG.java:1124)
	at org.testng.TestNG.run(TestNG.java:1096)
	at org.testng.remote.AbstractRemoteTestNG.run(AbstractRemoteTestNG.java:132)
	at org.testng.remote.RemoteTestNG.initAndRun(RemoteTestNG.java:236)
	at org.testng.remote.RemoteTestNG.main(RemoteTestNG.java:81)
]]>
    </failure>
  </testcase> <!-- @BeforeSuite SetUp -->
  <testcase name="@AfterMethod RMA_FailureReport" time="0.0" classname="rmaseleniumtestscripts.RMA_QTPRegression_TC_119">
    <skipped/>
  </testcase> <!-- @AfterMethod RMA_FailureReport -->
  <testcase name="RMA_QTPRegression_TC_119_Test" time="0.004" classname="rmaseleniumtestscripts.RMA_QTPRegression_TC_119">
    <skipped/>
  </testcase> <!-- RMA_QTPRegression_TC_119_Test -->
</testsuite> <!-- Default test -->
