<?xml version="1.0" encoding="UTF-8"?>
<!-- Generated by org.testng.reporters.JUnitReportReporter -->
<testsuite skipped="1" hostname="CSCINDAE707498" name="rmaseleniumtestscripts.RMA_TC_008" tests="2" failures="0" timestamp="23 Mar 2018 04:37:53 GMT" time="0.000" errors="1">
  <testcase name="EventAndGCCreation" time="0.000" classname="rmaseleniumtestscripts.RMA_TC_008">
    <skipped/>
  </testcase> <!-- EventAndGCCreation -->
  <testcase name="SetUp" time="0.000" classname="rmaseleniumtestscripts.RMA_TC_008">
    <error type="org.testng.TestNGException" message="
Parameter &#039;DataSourceRow&#039; is required by @Configuration on method SetUp but has not been marked @Optional or defined
in D:\RMA_SeleniumTestAutomation\RMA_Selenium_TestAutomation\RMASeleniumTestSuites\RMA_TestSuiteRunner.xml">
      <![CDATA[org.testng.TestNGException: 
Parameter 'DataSourceRow' is required by @Configuration on method SetUp but has not been marked @Optional or defined
in D:\RMA_SeleniumTestAutomation\RMA_Selenium_TestAutomation\RMASeleniumTestSuites\RMA_TestSuiteRunner.xml
	at org.testng.internal.Parameters.createParameters(Parameters.java:156)
	at org.testng.internal.Parameters.createParameters(Parameters.java:370)
	at org.testng.internal.Parameters.createConfigurationParameters(Parameters.java:86)
	at org.testng.internal.Invoker.invokeConfigurations(Invoker.java:202)
	at org.testng.internal.Invoker.invokeConfigurations(Invoker.java:143)
	at org.testng.SuiteRunner.privateRun(SuiteRunner.java:307)
	at org.testng.SuiteRunner.run(SuiteRunner.java:270)
	at org.testng.SuiteRunnerWorker.runSuite(SuiteRunnerWorker.java:52)
	at org.testng.SuiteRunnerWorker.run(SuiteRunnerWorker.java:86)
	at org.testng.TestNG.runSuitesSequentially(TestNG.java:1284)
	at org.testng.TestNG.runSuitesLocally(TestNG.java:1209)
	at org.testng.TestNG.runSuites(TestNG.java:1124)
	at org.testng.TestNG.run(TestNG.java:1096)
	at org.testng.remote.AbstractRemoteTestNG.run(AbstractRemoteTestNG.java:132)
	at org.testng.remote.RemoteTestNG.initAndRun(RemoteTestNG.java:236)
	at org.testng.remote.RemoteTestNG.main(RemoteTestNG.java:81)
]]>
    </error>
  </testcase> <!-- SetUp -->
</testsuite> <!-- rmaseleniumtestscripts.RMA_TC_008 -->
