<!DOCTYPE html PUBLIC "-//W3C//DTD XHTML 1.1//EN" "http://www.w3.org/TR/xhtml11/DTD/xhtml11.dtd">
<html xmlns="http://www.w3.org/1999/xhtml"><head><title>TestNG Report</title><style type="text/css">table {margin-bottom:10px;border-collapse:collapse;empty-cells:show}th,td {border:1px solid #009;padding:.25em .5em}th {vertical-align:bottom}td {vertical-align:top}table a {font-weight:bold}.stripe td {background-color: #E6EBF9}.num {text-align:right}.passedodd td {background-color: #3F3}.passedeven td {background-color: #0A0}.skippedodd td {background-color: #DDD}.skippedeven td {background-color: #CCC}.failedodd td,.attn {background-color: #F33}.failedeven td,.stripe .attn {background-color: #D00}.stacktrace {white-space:pre;font-family:monospace}.totop {font-size:85%;text-align:center;border-bottom:2px solid #000}</style></head><body><table><tr><th>Test</th><th># Passed</th><th># Skipped</th><th># Failed</th><th>Time (ms)</th><th>Included Groups</th><th>Excluded Groups</th></tr><tr><th colspan="7">RMA_SeleniumRegressionSuite9</th></tr><tr><td><a href="#t0">RMA_TC_001</a></td><td class="num">1</td><td class="num">0</td><td class="num">0</td><td class="num">35,718</td><td></td><td></td></tr><tr class="stripe"><td><a href="#t1">RMA_TC_002</a></td><td class="num">1</td><td class="num">0</td><td class="num">0</td><td class="num">23,590</td><td></td><td></td></tr><tr><td><a href="#t2">RMA_SeleniumRegression_TC_001</a></td><td class="num">1</td><td class="num">0</td><td class="num">0</td><td class="num">358,205</td><td></td><td></td></tr><tr class="stripe"><td><a href="#t3">RMA_SeleniumRegression_TC_002</a></td><td class="num">1</td><td class="num">0</td><td class="num">0</td><td class="num">362,975</td><td></td><td></td></tr><tr><td><a href="#t4">RMA_SeleniumRegression_TC_004</a></td><td class="num">1</td><td class="num">0</td><td class="num">0</td><td class="num">342,708</td><td></td><td></td></tr><tr class="stripe"><td><a href="#t5">RMA_SeleniumRegression_TC_005</a></td><td class="num">0</td><td class="num">0</td><td class="num attn">1</td><td class="num">450,582</td><td></td><td></td></tr><tr><td><a href="#t6">RMA_SeleniumRegression_TC_006</a></td><td class="num">0</td><td class="num">0</td><td class="num attn">1</td><td class="num">407,372</td><td></td><td></td></tr><tr class="stripe"><td><a href="#t7">RMA_SeleniumRegression_TC_007</a></td><td class="num">0</td><td class="num">0</td><td class="num attn">1</td><td class="num">152,396</td><td></td><td></td></tr><tr><td><a href="#t8">RMA_SeleniumRegression_TC_008</a></td><td class="num">1</td><td class="num">0</td><td class="num">0</td><td class="num">56,548</td><td></td><td></td></tr><tr class="stripe"><td><a href="#t9">RMA_SeleniumRegression_TC_009</a></td><td class="num">1</td><td class="num">0</td><td class="num">0</td><td class="num">38,036</td><td></td><td></td></tr><tr><td><a href="#t10">RMA_SeleniumRegression_TC_010</a></td><td class="num">1</td><td class="num">0</td><td class="num">0</td><td class="num">161,218</td><td></td><td></td></tr><tr class="stripe"><td><a href="#t11">RMA_SeleniumRegression_TC_011</a></td><td class="num">1</td><td class="num">0</td><td class="num">0</td><td class="num">85,958</td><td></td><td></td></tr><tr><td><a href="#t12">RMA_SeleniumRegression_TC_012</a></td><td class="num">1</td><td class="num">0</td><td class="num">0</td><td class="num">317,030</td><td></td><td></td></tr><tr class="stripe"><td><a href="#t13">RMA_SeleniumRegression_TC_013</a></td><td class="num">1</td><td class="num">0</td><td class="num">0</td><td class="num">272,811</td><td></td><td></td></tr><tr><td><a href="#t14">RMA_SeleniumRegression_TC_014</a></td><td class="num">0</td><td class="num">0</td><td class="num attn">1</td><td class="num">40,110</td><td></td><td></td></tr><tr><th>Total</th><th class="num">11</th><th class="num">0</th><th class="num attn">4</th><th class="num">3,105,257</th><th colspan="2"></th></tr></table><table><thead><tr><th>Class</th><th>Method</th><th>Start</th><th>Time (ms)</th></tr></thead><tbody><tr><th colspan="4">RMA_SeleniumRegressionSuite9</th></tr></tbody><tbody id="t0"><tr><th colspan="4">RMA_TC_001 &#8212; passed</th></tr><tr class="passedeven"><td rowspan="1">rmaseleniumtestscripts.RMA_TC_001</td><td><a href="#m0">RMAApp_login</a></td><td rowspan="1">1523262904650</td><td rowspan="1">35405</td></tr></tbody><tbody id="t1"><tr><th colspan="4">RMA_TC_002 &#8212; passed</th></tr><tr class="passedeven"><td rowspan="1">rmaseleniumtestscripts.RMA_TC_002</td><td><a href="#m1">RMAApp_DSNSelection</a></td><td rowspan="1">1523262940376</td><td rowspan="1">5343</td></tr></tbody><tbody id="t2"><tr><th colspan="4">RMA_SeleniumRegression_TC_001 &#8212; passed</th></tr><tr class="passedeven"><td rowspan="1">rmaseleniumtestscripts.RMA_SeleniumRegression_TC_001</td><td><a href="#m2">RMA_SeleniumRegression_TC_001_Test</a></td><td rowspan="1">1523262963995</td><td rowspan="1">358143</td></tr></tbody><tbody id="t3"><tr><th colspan="4">RMA_SeleniumRegression_TC_002 &#8212; passed</th></tr><tr class="passedeven"><td rowspan="1">rmaseleniumtestscripts.RMA_SeleniumRegression_TC_002</td><td><a href="#m3">RMA_SeleniumRegression_TC_002_Test</a></td><td rowspan="1">1523263322255</td><td rowspan="1">358824</td></tr></tbody><tbody id="t4"><tr><th colspan="4">RMA_SeleniumRegression_TC_004 &#8212; passed</th></tr><tr class="passedeven"><td rowspan="1">rmaseleniumtestscripts.RMA_SeleniumRegression_TC_004</td><td><a href="#m4">RMA_SeleniumRegression_TC_004_Test</a></td><td rowspan="1">1523263685253</td><td rowspan="1">338492</td></tr></tbody><tbody id="t5"><tr><th colspan="4">RMA_SeleniumRegression_TC_005 &#8212; failed</th></tr><tr class="failedeven"><td rowspan="1">rmaseleniumtestscripts.RMA_SeleniumRegression_TC_005</td><td><a href="#m5">RMA_SeleniumRegression_TC_005_Test</a></td><td rowspan="1">1523264028005</td><td rowspan="1">421298</td></tr></tbody><tbody id="t6"><tr><th colspan="4">RMA_SeleniumRegression_TC_006 &#8212; failed</th></tr><tr class="failedeven"><td rowspan="1">rmaseleniumtestscripts.RMA_SeleniumRegression_TC_006</td><td><a href="#m6">RMA_SeleniumRegression_TC_006_Test</a></td><td rowspan="1">1523264478611</td><td rowspan="1">378081</td></tr></tbody><tbody id="t7"><tr><th colspan="4">RMA_SeleniumRegression_TC_007 &#8212; failed</th></tr><tr class="failedeven"><td rowspan="1">rmaseleniumtestscripts.RMA_SeleniumRegression_TC_007</td><td><a href="#m7">RMA_SeleniumRegression_TC_007_Test</a></td><td rowspan="1">1523264886041</td><td rowspan="1">123172</td></tr></tbody><tbody id="t8"><tr><th colspan="4">RMA_SeleniumRegression_TC_008 &#8212; passed</th></tr><tr class="passedeven"><td rowspan="1">rmaseleniumtestscripts.RMA_SeleniumRegression_TC_008</td><td><a href="#m8">SeleniumRegression_TC_008_Test</a></td><td rowspan="1">1523265038461</td><td rowspan="1">51971</td></tr></tbody><tbody id="t9"><tr><th colspan="4">RMA_SeleniumRegression_TC_009 &#8212; passed</th></tr><tr class="passedeven"><td rowspan="1">rmaseleniumtestscripts.RMA_SeleniumRegression_TC_009</td><td><a href="#m9">RMA_SeleniumRegression_TC_009_Test</a></td><td rowspan="1">1523265095029</td><td rowspan="1">33492</td></tr></tbody><tbody id="t10"><tr><th colspan="4">RMA_SeleniumRegression_TC_010 &#8212; passed</th></tr><tr class="passedeven"><td rowspan="1">rmaseleniumtestscripts.RMA_SeleniumRegression_TC_010</td><td><a href="#m10">RMA_SeleniumRegression_TC_010_Test</a></td><td rowspan="1">1523265133090</td><td rowspan="1">121799</td></tr></tbody><tbody id="t11"><tr><th colspan="4">RMA_SeleniumRegression_TC_011 &#8212; passed</th></tr><tr class="passedeven"><td rowspan="1">rmaseleniumtestscripts.RMA_SeleniumRegression_TC_011</td><td><a href="#m11">RMA_TC_011_Test</a></td><td rowspan="1">1523265294337</td><td rowspan="1">81338</td></tr></tbody><tbody id="t12"><tr><th colspan="4">RMA_SeleniumRegression_TC_012 &#8212; passed</th></tr><tr class="passedeven"><td rowspan="1">rmaseleniumtestscripts.RMA_SeleniumRegression_TC_012</td><td><a href="#m12">RMA_SeleniumRegression_TC_012_Test</a></td><td rowspan="1">1523265380318</td><td rowspan="1">312918</td></tr></tbody><tbody id="t13"><tr><th colspan="4">RMA_SeleniumRegression_TC_013 &#8212; passed</th></tr><tr class="passedeven"><td rowspan="1">rmaseleniumtestscripts.RMA_SeleniumRegression_TC_013</td><td><a href="#m13">RMA_SeleniumRegression_TC_013_Test</a></td><td rowspan="1">1523265697373</td><td rowspan="1">268614</td></tr></tbody><tbody id="t14"><tr><th colspan="4">RMA_SeleniumRegression_TC_014 &#8212; failed</th></tr><tr class="failedeven"><td rowspan="1">rmaseleniumtestscripts.RMA_SeleniumRegression_TC_014</td><td><a href="#m14">RMA_SeleniumRegression_TC_014_Test</a></td><td rowspan="1">1523265970212</td><td rowspan="1">21115</td></tr></tbody></table><h2>RMA_TC_001</h2><h3 id="m0">rmaseleniumtestscripts.RMA_TC_001#RMAApp_login</h3><table class="result"></table><p class="totop"><a href="#summary">back to summary</a></p><h2>RMA_TC_002</h2><h3 id="m1">rmaseleniumtestscripts.RMA_TC_002#RMAApp_DSNSelection</h3><table class="result"></table><p class="totop"><a href="#summary">back to summary</a></p><h2>RMA_SeleniumRegression_TC_001</h2><h3 id="m2">rmaseleniumtestscripts.RMA_SeleniumRegression_TC_001#RMA_SeleniumRegression_TC_001_Test</h3><table class="result"></table><p class="totop"><a href="#summary">back to summary</a></p><h2>RMA_SeleniumRegression_TC_002</h2><h3 id="m3">rmaseleniumtestscripts.RMA_SeleniumRegression_TC_002#RMA_SeleniumRegression_TC_002_Test</h3><table class="result"></table><p class="totop"><a href="#summary">back to summary</a></p><h2>RMA_SeleniumRegression_TC_004</h2><h3 id="m4">rmaseleniumtestscripts.RMA_SeleniumRegression_TC_004#RMA_SeleniumRegression_TC_004_Test</h3><table class="result"></table><p class="totop"><a href="#summary">back to summary</a></p><h2>RMA_SeleniumRegression_TC_005</h2><h3 id="m5">rmaseleniumtestscripts.RMA_SeleniumRegression_TC_005#RMA_SeleniumRegression_TC_005_Test</h3><table class="result"><tr><th>Exception</th></tr><tr><td><div class="stacktrace">org.openqa.selenium.NoSuchElementException: no such element: Unable to locate element: {&quot;method&quot;:&quot;id&quot;,&quot;selector&quot;:&quot;FLD100&quot;}
  (Session info: chrome=65.0.3325.181)
  (Driver info: chromedriver=2.36.540470 (e522d04694c7ebea4ba8821272dbef4f9b818c91),platform=Windows NT 6.1.7601 SP1 x86_64) (WARNING: The server did not provide any stacktrace information)
Command duration or timeout: 10.01 seconds
For documentation on this error, please visit: http://seleniumhq.org/exceptions/no_such_element.html
Build info: version: &apos;unknown&apos;, revision: &apos;unknown&apos;, time: &apos;unknown&apos;
System info: host: &apos;CSCINDAE707498&apos;, ip: &apos;20.198.112.132&apos;, os.name: &apos;Windows 7&apos;, os.arch: &apos;amd64&apos;, os.version: &apos;6.1&apos;, java.version: &apos;1.8.0_45&apos;
Driver info: org.openqa.selenium.chrome.ChromeDriver
Capabilities [{applicationCacheEnabled=false, rotatable=false, mobileEmulationEnabled=false, networkConnectionEnabled=false, chrome={chromedriverVersion=2.36.540470 (e522d04694c7ebea4ba8821272dbef4f9b818c91), userDataDir=C:\Users\arai24\AppData\Local\Temp\scoped_dir6620_27827}, takesHeapSnapshot=true, pageLoadStrategy=normal, databaseEnabled=false, handlesAlerts=true, hasTouchScreen=false, version=65.0.3325.181, platform=XP, browserConnectionEnabled=false, nativeEvents=true, acceptSslCerts=false, acceptInsecureCerts=false, locationContextEnabled=true, webStorageEnabled=true, browserName=chrome, takesScreenshot=true, javascriptEnabled=true, cssSelectorsEnabled=true, setWindowRect=true, unexpectedAlertBehaviour=}]
Session ID: 227519d19cd897230fe10bae1dcea43a
*** Element info: {Using=id, value=FLD100}
	at org.openqa.selenium.remote.ErrorHandler.createThrowable(ErrorHandler.java:215)
	at org.openqa.selenium.remote.ErrorHandler.throwIfResponseFailed(ErrorHandler.java:167)
	at org.openqa.selenium.remote.RemoteWebDriver.execute(RemoteWebDriver.java:671)
	at org.openqa.selenium.remote.RemoteWebDriver.findElement(RemoteWebDriver.java:410)
	at org.openqa.selenium.remote.RemoteWebDriver.findElementById(RemoteWebDriver.java:453)
	at org.openqa.selenium.By$ById.findElement(By.java:218)
	at org.openqa.selenium.remote.RemoteWebDriver.findElement(RemoteWebDriver.java:402)
	at rmaseleniumPOM_UX.RMA_Selenium_POM_Search.RMAApp_SearchClaims_Txt_ClaimNumber(RMA_Selenium_POM_Search.java:56)
	at rmaseleniumtestscripts.RMA_SeleniumRegression_TC_005.RMA_SeleniumRegression_TC_005_Test(RMA_SeleniumRegression_TC_005.java:265)
... Removed 29 stack frames</div></td></tr></table><p class="totop"><a href="#summary">back to summary</a></p><h2>RMA_SeleniumRegression_TC_006</h2><h3 id="m6">rmaseleniumtestscripts.RMA_SeleniumRegression_TC_006#RMA_SeleniumRegression_TC_006_Test</h3><table class="result"><tr><th>Exception</th></tr><tr><td><div class="stacktrace">org.openqa.selenium.NoSuchElementException: no such element: Unable to locate element: {&quot;method&quot;:&quot;id&quot;,&quot;selector&quot;:&quot;FLD100&quot;}
  (Session info: chrome=65.0.3325.181)
  (Driver info: chromedriver=2.36.540470 (e522d04694c7ebea4ba8821272dbef4f9b818c91),platform=Windows NT 6.1.7601 SP1 x86_64) (WARNING: The server did not provide any stacktrace information)
Command duration or timeout: 10.02 seconds
For documentation on this error, please visit: http://seleniumhq.org/exceptions/no_such_element.html
Build info: version: &apos;unknown&apos;, revision: &apos;unknown&apos;, time: &apos;unknown&apos;
System info: host: &apos;CSCINDAE707498&apos;, ip: &apos;20.198.112.132&apos;, os.name: &apos;Windows 7&apos;, os.arch: &apos;amd64&apos;, os.version: &apos;6.1&apos;, java.version: &apos;1.8.0_45&apos;
Driver info: org.openqa.selenium.chrome.ChromeDriver
Capabilities [{applicationCacheEnabled=false, rotatable=false, mobileEmulationEnabled=false, networkConnectionEnabled=false, chrome={chromedriverVersion=2.36.540470 (e522d04694c7ebea4ba8821272dbef4f9b818c91), userDataDir=C:\Users\arai24\AppData\Local\Temp\scoped_dir6620_27827}, takesHeapSnapshot=true, pageLoadStrategy=normal, databaseEnabled=false, handlesAlerts=true, hasTouchScreen=false, version=65.0.3325.181, platform=XP, browserConnectionEnabled=false, nativeEvents=true, acceptSslCerts=false, acceptInsecureCerts=false, locationContextEnabled=true, webStorageEnabled=true, browserName=chrome, takesScreenshot=true, javascriptEnabled=true, cssSelectorsEnabled=true, setWindowRect=true, unexpectedAlertBehaviour=}]
Session ID: 227519d19cd897230fe10bae1dcea43a
*** Element info: {Using=id, value=FLD100}
	at org.openqa.selenium.remote.ErrorHandler.createThrowable(ErrorHandler.java:215)
	at org.openqa.selenium.remote.ErrorHandler.throwIfResponseFailed(ErrorHandler.java:167)
	at org.openqa.selenium.remote.RemoteWebDriver.execute(RemoteWebDriver.java:671)
	at org.openqa.selenium.remote.RemoteWebDriver.findElement(RemoteWebDriver.java:410)
	at org.openqa.selenium.remote.RemoteWebDriver.findElementById(RemoteWebDriver.java:453)
	at org.openqa.selenium.By$ById.findElement(By.java:218)
	at org.openqa.selenium.remote.RemoteWebDriver.findElement(RemoteWebDriver.java:402)
	at rmaseleniumPOM_UX.RMA_Selenium_POM_Search.RMAApp_SearchClaims_Txt_ClaimNumber(RMA_Selenium_POM_Search.java:56)
	at rmaseleniumtestscripts.RMA_SeleniumRegression_TC_006.RMA_SeleniumRegression_TC_006_Test(RMA_SeleniumRegression_TC_006.java:265)
... Removed 29 stack frames</div></td></tr></table><p class="totop"><a href="#summary">back to summary</a></p><h2>RMA_SeleniumRegression_TC_007</h2><h3 id="m7">rmaseleniumtestscripts.RMA_SeleniumRegression_TC_007#RMA_SeleniumRegression_TC_007_Test</h3><table class="result"><tr><th>Exception</th></tr><tr><td><div class="stacktrace">org.openqa.selenium.NoSuchElementException: no such element: Unable to locate element: {&quot;method&quot;:&quot;xpath&quot;,&quot;selector&quot;:&quot;.//*[@id=&apos;lbldate_dateOfEvent&apos;]/following-sibling::zc-field-date-picker//input&quot;}
  (Session info: chrome=65.0.3325.181)
  (Driver info: chromedriver=2.36.540470 (e522d04694c7ebea4ba8821272dbef4f9b818c91),platform=Windows NT 6.1.7601 SP1 x86_64) (WARNING: The server did not provide any stacktrace information)
Command duration or timeout: 10.05 seconds
For documentation on this error, please visit: http://seleniumhq.org/exceptions/no_such_element.html
Build info: version: &apos;unknown&apos;, revision: &apos;unknown&apos;, time: &apos;unknown&apos;
System info: host: &apos;CSCINDAE707498&apos;, ip: &apos;20.198.112.132&apos;, os.name: &apos;Windows 7&apos;, os.arch: &apos;amd64&apos;, os.version: &apos;6.1&apos;, java.version: &apos;1.8.0_45&apos;
Driver info: org.openqa.selenium.chrome.ChromeDriver
Capabilities [{applicationCacheEnabled=false, rotatable=false, mobileEmulationEnabled=false, networkConnectionEnabled=false, chrome={chromedriverVersion=2.36.540470 (e522d04694c7ebea4ba8821272dbef4f9b818c91), userDataDir=C:\Users\arai24\AppData\Local\Temp\scoped_dir6620_27827}, takesHeapSnapshot=true, pageLoadStrategy=normal, databaseEnabled=false, handlesAlerts=true, hasTouchScreen=false, version=65.0.3325.181, platform=XP, browserConnectionEnabled=false, nativeEvents=true, acceptSslCerts=false, acceptInsecureCerts=false, locationContextEnabled=true, webStorageEnabled=true, browserName=chrome, takesScreenshot=true, javascriptEnabled=true, cssSelectorsEnabled=true, setWindowRect=true, unexpectedAlertBehaviour=}]
Session ID: 227519d19cd897230fe10bae1dcea43a
*** Element info: {Using=xpath, value=.//*[@id=&apos;lbldate_dateOfEvent&apos;]/following-sibling::zc-field-date-picker//input}
	at org.openqa.selenium.remote.ErrorHandler.createThrowable(ErrorHandler.java:215)
	at org.openqa.selenium.remote.ErrorHandler.throwIfResponseFailed(ErrorHandler.java:167)
	at org.openqa.selenium.remote.RemoteWebDriver.execute(RemoteWebDriver.java:671)
	at org.openqa.selenium.remote.RemoteWebDriver.findElement(RemoteWebDriver.java:410)
	at org.openqa.selenium.remote.RemoteWebDriver.findElementByXPath(RemoteWebDriver.java:509)
	at org.openqa.selenium.By$ByXPath.findElement(By.java:361)
	at org.openqa.selenium.remote.RemoteWebDriver.findElement(RemoteWebDriver.java:402)
	at rmaseleniumPOM_UX.RMA_Selenium_POM_Generic_Claims.RMAApp_GenericClaim_Txt_DateOfEvent(RMA_Selenium_POM_Generic_Claims.java:87)
	at rmaseleniumutilties_UX.RMA_Functionality_Utility.RMA_NonOccClaimCreation(RMA_Functionality_Utility.java:8324)
	at rmaseleniumtestscripts.RMA_SeleniumRegression_TC_007.RMA_SeleniumRegression_TC_007_Test(RMA_SeleniumRegression_TC_007.java:182)
... Removed 28 stack frames</div></td></tr></table><p class="totop"><a href="#summary">back to summary</a></p><h2>RMA_SeleniumRegression_TC_008</h2><h3 id="m8">rmaseleniumtestscripts.RMA_SeleniumRegression_TC_008#SeleniumRegression_TC_008_Test</h3><table class="result"></table><p class="totop"><a href="#summary">back to summary</a></p><h2>RMA_SeleniumRegression_TC_009</h2><h3 id="m9">rmaseleniumtestscripts.RMA_SeleniumRegression_TC_009#RMA_SeleniumRegression_TC_009_Test</h3><table class="result"></table><p class="totop"><a href="#summary">back to summary</a></p><h2>RMA_SeleniumRegression_TC_010</h2><h3 id="m10">rmaseleniumtestscripts.RMA_SeleniumRegression_TC_010#RMA_SeleniumRegression_TC_010_Test</h3><table class="result"></table><p class="totop"><a href="#summary">back to summary</a></p><h2>RMA_SeleniumRegression_TC_011</h2><h3 id="m11">rmaseleniumtestscripts.RMA_SeleniumRegression_TC_011#RMA_TC_011_Test</h3><table class="result"></table><p class="totop"><a href="#summary">back to summary</a></p><h2>RMA_SeleniumRegression_TC_012</h2><h3 id="m12">rmaseleniumtestscripts.RMA_SeleniumRegression_TC_012#RMA_SeleniumRegression_TC_012_Test</h3><table class="result"></table><p class="totop"><a href="#summary">back to summary</a></p><h2>RMA_SeleniumRegression_TC_013</h2><h3 id="m13">rmaseleniumtestscripts.RMA_SeleniumRegression_TC_013#RMA_SeleniumRegression_TC_013_Test</h3><table class="result"></table><p class="totop"><a href="#summary">back to summary</a></p><h2>RMA_SeleniumRegression_TC_014</h2><h3 id="m14">rmaseleniumtestscripts.RMA_SeleniumRegression_TC_014#RMA_SeleniumRegression_TC_014_Test</h3><table class="result"><tr><th>Exception</th></tr><tr><td><div class="stacktrace">org.openqa.selenium.InvalidElementStateException: invalid element state: Element must be user-editable in order to clear it.
  (Session info: chrome=65.0.3325.181)
  (Driver info: chromedriver=2.36.540470 (e522d04694c7ebea4ba8821272dbef4f9b818c91),platform=Windows NT 6.1.7601 SP1 x86_64) (WARNING: The server did not provide any stacktrace information)
Command duration or timeout: 33 milliseconds
Build info: version: &apos;unknown&apos;, revision: &apos;unknown&apos;, time: &apos;unknown&apos;
System info: host: &apos;CSCINDAE707498&apos;, ip: &apos;20.198.112.132&apos;, os.name: &apos;Windows 7&apos;, os.arch: &apos;amd64&apos;, os.version: &apos;6.1&apos;, java.version: &apos;1.8.0_45&apos;
Driver info: org.openqa.selenium.chrome.ChromeDriver
Capabilities [{applicationCacheEnabled=false, rotatable=false, mobileEmulationEnabled=false, networkConnectionEnabled=false, chrome={chromedriverVersion=2.36.540470 (e522d04694c7ebea4ba8821272dbef4f9b818c91), userDataDir=C:\Users\arai24\AppData\Local\Temp\scoped_dir7836_6058}, takesHeapSnapshot=true, pageLoadStrategy=normal, databaseEnabled=false, handlesAlerts=true, hasTouchScreen=false, version=65.0.3325.181, platform=XP, browserConnectionEnabled=false, nativeEvents=true, acceptSslCerts=false, acceptInsecureCerts=false, locationContextEnabled=true, webStorageEnabled=true, browserName=chrome, takesScreenshot=true, javascriptEnabled=true, cssSelectorsEnabled=true, setWindowRect=true, unexpectedAlertBehaviour=}]
Session ID: 6e1767300bb803a7e63a6afd0e190618
	at org.openqa.selenium.remote.ErrorHandler.createThrowable(ErrorHandler.java:215)
	at org.openqa.selenium.remote.ErrorHandler.throwIfResponseFailed(ErrorHandler.java:167)
	at org.openqa.selenium.remote.RemoteWebDriver.execute(RemoteWebDriver.java:671)
	at org.openqa.selenium.remote.RemoteWebElement.execute(RemoteWebElement.java:272)
	at org.openqa.selenium.remote.RemoteWebElement.clear(RemoteWebElement.java:114)
	at rmaseleniumutilties_UX.RMA_Input_Utility.RMA_SetValue_Utility(RMA_Input_Utility.java:96)
	at rmaseleniumtestscripts.RMA_SeleniumRegression_TC_014.RMA_SeleniumRegression_TC_014_Test(RMA_SeleniumRegression_TC_014.java:89)
... Removed 29 stack frames</div></td></tr></table><p class="totop"><a href="#summary">back to summary</a></p></body></html>