<!DOCTYPE html>

<html>
  <head>
  <meta charset='utf-8'>
  <title>TestNG reports</title>

    <link type="text/css" href="testng-reports.css" rel="stylesheet" />  
    <script type="text/javascript" src="jquery-1.7.1.min.js"></script>
    <script type="text/javascript" src="testng-reports.js"></script>
    <script type="text/javascript" src="https://www.google.com/jsapi"></script>
    <script type='text/javascript'>
      google.load('visualization', '1', {packages:['table']});
      google.setOnLoadCallback(drawTable);
      var suiteTableInitFunctions = new Array();
      var suiteTableData = new Array();
    </script>
    <!--
      <script type="text/javascript" src="jquery-ui/js/jquery-ui-1.8.16.custom.min.js"></script>
     -->
  </head>

  <body>
    <div class="top-banner-root">
      <span class="top-banner-title-font">Test results</span>
      <br/>
      <span class="top-banner-font-1">1 suite, 4 failed tests</span>
    </div> <!-- top-banner-root -->
    <div class="navigator-root">
      <div class="navigator-suite-header">
        <span>All suites</span>
        <a href="#" class="collapse-all-link" title="Collapse/expand all the suites">
          <img class="collapse-all-icon" src="collapseall.gif">
          </img> <!-- collapse-all-icon -->
        </a> <!-- collapse-all-link -->
      </div> <!-- navigator-suite-header -->
      <div class="suite">
        <div class="rounded-window">
          <div class="suite-header light-rounded-window-top">
            <a href="#" class="navigator-link" panel-name="suite-RMA_SeleniumRegressionSuite9">
              <span class="suite-name border-failed">RMA_SeleniumRegressionSuite9</span>
            </a> <!-- navigator-link -->
          </div> <!-- suite-header light-rounded-window-top -->
          <div class="navigator-suite-content">
            <div class="suite-section-title">
              <span>Info</span>
            </div> <!-- suite-section-title -->
            <div class="suite-section-content">
              <ul>
                <li>
                  <a href="#" class="navigator-link " panel-name="test-xml-RMA_SeleniumRegressionSuite9">
                    <span>D:\RMA_SeleniumTestAutomation\RMA_Selenium_TestAutomation_UX\RMASeleniumTestSuites\RMA_Suite_16_SelReg_09_SMS.xml</span>
                  </a> <!-- navigator-link  -->
                </li>
                <li>
                  <a href="#" class="navigator-link " panel-name="testlist-RMA_SeleniumRegressionSuite9">
                    <span class="test-stats">15 tests</span>
                  </a> <!-- navigator-link  -->
                </li>
                <li>
                  <a href="#" class="navigator-link " panel-name="group-RMA_SeleniumRegressionSuite9">
                    <span>0 groups</span>
                  </a> <!-- navigator-link  -->
                </li>
                <li>
                  <a href="#" class="navigator-link " panel-name="times-RMA_SeleniumRegressionSuite9">
                    <span>Times</span>
                  </a> <!-- navigator-link  -->
                </li>
                <li>
                  <a href="#" class="navigator-link " panel-name="reporter-RMA_SeleniumRegressionSuite9">
                    <span>Reporter output</span>
                  </a> <!-- navigator-link  -->
                </li>
                <li>
                  <a href="#" class="navigator-link " panel-name="ignored-methods-RMA_SeleniumRegressionSuite9">
                    <span>Ignored methods</span>
                  </a> <!-- navigator-link  -->
                </li>
                <li>
                  <a href="#" class="navigator-link " panel-name="chronological-RMA_SeleniumRegressionSuite9">
                    <span>Chronological view</span>
                  </a> <!-- navigator-link  -->
                </li>
              </ul>
            </div> <!-- suite-section-content -->
            <div class="result-section">
              <div class="suite-section-title">
                <span>Results</span>
              </div> <!-- suite-section-title -->
              <div class="suite-section-content">
                <ul>
                  <li>
                    <span class="method-stats">15 methods, 4 failed,   11 passed</span>
                  </li>
                  <li>
                    <span class="method-list-title failed">Failed methods</span>
                    <span class="show-or-hide-methods failed">
                      <a href="#" panel-name="suite-RMA_SeleniumRegressionSuite9" class="hide-methods failed suite-RMA_SeleniumRegressionSuite9"> (hide)</a> <!-- hide-methods failed suite-RMA_SeleniumRegressionSuite9 -->
                      <a href="#" panel-name="suite-RMA_SeleniumRegressionSuite9" class="show-methods failed suite-RMA_SeleniumRegressionSuite9"> (show)</a> <!-- show-methods failed suite-RMA_SeleniumRegressionSuite9 -->
                    </span>
                    <div class="method-list-content failed suite-RMA_SeleniumRegressionSuite9">
                      <span>
                        <img width="3%" src="failed.png"/>
                        <a href="#" class="method navigator-link" panel-name="suite-RMA_SeleniumRegressionSuite9" title="rmaseleniumtestscripts.RMA_SeleniumRegression_TC_005" hash-for-method="RMA_SeleniumRegression_TC_005_Test">RMA_SeleniumRegression_TC_005_Test</a> <!-- method navigator-link -->
                      </span>
                      <br/>
                      <span>
                        <img width="3%" src="failed.png"/>
                        <a href="#" class="method navigator-link" panel-name="suite-RMA_SeleniumRegressionSuite9" title="rmaseleniumtestscripts.RMA_SeleniumRegression_TC_006" hash-for-method="RMA_SeleniumRegression_TC_006_Test">RMA_SeleniumRegression_TC_006_Test</a> <!-- method navigator-link -->
                      </span>
                      <br/>
                      <span>
                        <img width="3%" src="failed.png"/>
                        <a href="#" class="method navigator-link" panel-name="suite-RMA_SeleniumRegressionSuite9" title="rmaseleniumtestscripts.RMA_SeleniumRegression_TC_007" hash-for-method="RMA_SeleniumRegression_TC_007_Test">RMA_SeleniumRegression_TC_007_Test</a> <!-- method navigator-link -->
                      </span>
                      <br/>
                      <span>
                        <img width="3%" src="failed.png"/>
                        <a href="#" class="method navigator-link" panel-name="suite-RMA_SeleniumRegressionSuite9" title="rmaseleniumtestscripts.RMA_SeleniumRegression_TC_014" hash-for-method="RMA_SeleniumRegression_TC_014_Test">RMA_SeleniumRegression_TC_014_Test</a> <!-- method navigator-link -->
                      </span>
                      <br/>
                    </div> <!-- method-list-content failed suite-RMA_SeleniumRegressionSuite9 -->
                  </li>
                  <li>
                    <span class="method-list-title passed">Passed methods</span>
                    <span class="show-or-hide-methods passed">
                      <a href="#" panel-name="suite-RMA_SeleniumRegressionSuite9" class="hide-methods passed suite-RMA_SeleniumRegressionSuite9"> (hide)</a> <!-- hide-methods passed suite-RMA_SeleniumRegressionSuite9 -->
                      <a href="#" panel-name="suite-RMA_SeleniumRegressionSuite9" class="show-methods passed suite-RMA_SeleniumRegressionSuite9"> (show)</a> <!-- show-methods passed suite-RMA_SeleniumRegressionSuite9 -->
                    </span>
                    <div class="method-list-content passed suite-RMA_SeleniumRegressionSuite9">
                      <span>
                        <img width="3%" src="passed.png"/>
                        <a href="#" class="method navigator-link" panel-name="suite-RMA_SeleniumRegressionSuite9" title="rmaseleniumtestscripts.RMA_TC_002" hash-for-method="RMAApp_DSNSelection">RMAApp_DSNSelection</a> <!-- method navigator-link -->
                      </span>
                      <br/>
                      <span>
                        <img width="3%" src="passed.png"/>
                        <a href="#" class="method navigator-link" panel-name="suite-RMA_SeleniumRegressionSuite9" title="rmaseleniumtestscripts.RMA_TC_001" hash-for-method="RMAApp_login">RMAApp_login</a> <!-- method navigator-link -->
                      </span>
                      <br/>
                      <span>
                        <img width="3%" src="passed.png"/>
                        <a href="#" class="method navigator-link" panel-name="suite-RMA_SeleniumRegressionSuite9" title="rmaseleniumtestscripts.RMA_SeleniumRegression_TC_001" hash-for-method="RMA_SeleniumRegression_TC_001_Test">RMA_SeleniumRegression_TC_001_Test</a> <!-- method navigator-link -->
                      </span>
                      <br/>
                      <span>
                        <img width="3%" src="passed.png"/>
                        <a href="#" class="method navigator-link" panel-name="suite-RMA_SeleniumRegressionSuite9" title="rmaseleniumtestscripts.RMA_SeleniumRegression_TC_002" hash-for-method="RMA_SeleniumRegression_TC_002_Test">RMA_SeleniumRegression_TC_002_Test</a> <!-- method navigator-link -->
                      </span>
                      <br/>
                      <span>
                        <img width="3%" src="passed.png"/>
                        <a href="#" class="method navigator-link" panel-name="suite-RMA_SeleniumRegressionSuite9" title="rmaseleniumtestscripts.RMA_SeleniumRegression_TC_004" hash-for-method="RMA_SeleniumRegression_TC_004_Test">RMA_SeleniumRegression_TC_004_Test</a> <!-- method navigator-link -->
                      </span>
                      <br/>
                      <span>
                        <img width="3%" src="passed.png"/>
                        <a href="#" class="method navigator-link" panel-name="suite-RMA_SeleniumRegressionSuite9" title="rmaseleniumtestscripts.RMA_SeleniumRegression_TC_009" hash-for-method="RMA_SeleniumRegression_TC_009_Test">RMA_SeleniumRegression_TC_009_Test</a> <!-- method navigator-link -->
                      </span>
                      <br/>
                      <span>
                        <img width="3%" src="passed.png"/>
                        <a href="#" class="method navigator-link" panel-name="suite-RMA_SeleniumRegressionSuite9" title="rmaseleniumtestscripts.RMA_SeleniumRegression_TC_010" hash-for-method="RMA_SeleniumRegression_TC_010_Test">RMA_SeleniumRegression_TC_010_Test</a> <!-- method navigator-link -->
                      </span>
                      <br/>
                      <span>
                        <img width="3%" src="passed.png"/>
                        <a href="#" class="method navigator-link" panel-name="suite-RMA_SeleniumRegressionSuite9" title="rmaseleniumtestscripts.RMA_SeleniumRegression_TC_012" hash-for-method="RMA_SeleniumRegression_TC_012_Test">RMA_SeleniumRegression_TC_012_Test</a> <!-- method navigator-link -->
                      </span>
                      <br/>
                      <span>
                        <img width="3%" src="passed.png"/>
                        <a href="#" class="method navigator-link" panel-name="suite-RMA_SeleniumRegressionSuite9" title="rmaseleniumtestscripts.RMA_SeleniumRegression_TC_013" hash-for-method="RMA_SeleniumRegression_TC_013_Test">RMA_SeleniumRegression_TC_013_Test</a> <!-- method navigator-link -->
                      </span>
                      <br/>
                      <span>
                        <img width="3%" src="passed.png"/>
                        <a href="#" class="method navigator-link" panel-name="suite-RMA_SeleniumRegressionSuite9" title="rmaseleniumtestscripts.RMA_SeleniumRegression_TC_011" hash-for-method="RMA_TC_011_Test">RMA_TC_011_Test</a> <!-- method navigator-link -->
                      </span>
                      <br/>
                      <span>
                        <img width="3%" src="passed.png"/>
                        <a href="#" class="method navigator-link" panel-name="suite-RMA_SeleniumRegressionSuite9" title="rmaseleniumtestscripts.RMA_SeleniumRegression_TC_008" hash-for-method="SeleniumRegression_TC_008_Test">SeleniumRegression_TC_008_Test</a> <!-- method navigator-link -->
                      </span>
                      <br/>
                    </div> <!-- method-list-content passed suite-RMA_SeleniumRegressionSuite9 -->
                  </li>
                </ul>
              </div> <!-- suite-section-content -->
            </div> <!-- result-section -->
          </div> <!-- navigator-suite-content -->
        </div> <!-- rounded-window -->
      </div> <!-- suite -->
    </div> <!-- navigator-root -->
    <div class="wrapper">
      <div class="main-panel-root">
        <div panel-name="suite-RMA_SeleniumRegressionSuite9" class="panel RMA_SeleniumRegressionSuite9">
          <div class="suite-RMA_SeleniumRegressionSuite9-class-failed">
            <div class="main-panel-header rounded-window-top">
              <img src="failed.png"/>
              <span class="class-name">rmaseleniumtestscripts.RMA_SeleniumRegression_TC_007</span>
            </div> <!-- main-panel-header rounded-window-top -->
            <div class="main-panel-content rounded-window-bottom">
              <div class="method">
                <div class="method-content">
                  <a name="RMA_SeleniumRegression_TC_007_Test">
                  </a> <!-- RMA_SeleniumRegression_TC_007_Test -->
                  <span class="method-name">RMA_SeleniumRegression_TC_007_Test</span>
                  <div class="stack-trace">org.openqa.selenium.NoSuchElementException: no such element: Unable to locate element: {&quot;method&quot;:&quot;xpath&quot;,&quot;selector&quot;:&quot;.//*[@id=&apos;lbldate_dateOfEvent&apos;]/following-sibling::zc-field-date-picker//input&quot;}
  (Session info: chrome=65.0.3325.181)
  (Driver info: chromedriver=2.36.540470 (e522d04694c7ebea4ba8821272dbef4f9b818c91),platform=Windows NT 6.1.7601 SP1 x86_64) (WARNING: The server did not provide any stacktrace information)
Command duration or timeout: 10.05 seconds
For documentation on this error, please visit: http://seleniumhq.org/exceptions/no_such_element.html
Build info: version: &apos;unknown&apos;, revision: &apos;unknown&apos;, time: &apos;unknown&apos;
System info: host: &apos;CSCINDAE707498&apos;, ip: &apos;20.198.112.132&apos;, os.name: &apos;Windows 7&apos;, os.arch: &apos;amd64&apos;, os.version: &apos;6.1&apos;, java.version: &apos;1.8.0_45&apos;
Driver info: org.openqa.selenium.chrome.ChromeDriver
Capabilities [{applicationCacheEnabled=false, rotatable=false, mobileEmulationEnabled=false, networkConnectionEnabled=false, chrome={chromedriverVersion=2.36.540470 (e522d04694c7ebea4ba8821272dbef4f9b818c91), userDataDir=C:\Users\arai24\AppData\Local\Temp\scoped_dir6620_27827}, takesHeapSnapshot=true, pageLoadStrategy=normal, databaseEnabled=false, handlesAlerts=true, hasTouchScreen=false, version=65.0.3325.181, platform=XP, browserConnectionEnabled=false, nativeEvents=true, acceptSslCerts=false, acceptInsecureCerts=false, locationContextEnabled=true, webStorageEnabled=true, browserName=chrome, takesScreenshot=true, javascriptEnabled=true, cssSelectorsEnabled=true, setWindowRect=true, unexpectedAlertBehaviour=}]
Session ID: 227519d19cd897230fe10bae1dcea43a
*** Element info: {Using=xpath, value=.//*[@id=&apos;lbldate_dateOfEvent&apos;]/following-sibling::zc-field-date-picker//input}
	at org.openqa.selenium.remote.ErrorHandler.createThrowable(ErrorHandler.java:215)
	at org.openqa.selenium.remote.ErrorHandler.throwIfResponseFailed(ErrorHandler.java:167)
	at org.openqa.selenium.remote.RemoteWebDriver.execute(RemoteWebDriver.java:671)
	at org.openqa.selenium.remote.RemoteWebDriver.findElement(RemoteWebDriver.java:410)
	at org.openqa.selenium.remote.RemoteWebDriver.findElementByXPath(RemoteWebDriver.java:509)
	at org.openqa.selenium.By$ByXPath.findElement(By.java:361)
	at org.openqa.selenium.remote.RemoteWebDriver.findElement(RemoteWebDriver.java:402)
	at rmaseleniumPOM_UX.RMA_Selenium_POM_Generic_Claims.RMAApp_GenericClaim_Txt_DateOfEvent(RMA_Selenium_POM_Generic_Claims.java:87)
	at rmaseleniumutilties_UX.RMA_Functionality_Utility.RMA_NonOccClaimCreation(RMA_Functionality_Utility.java:8324)
	at rmaseleniumtestscripts.RMA_SeleniumRegression_TC_007.RMA_SeleniumRegression_TC_007_Test(RMA_SeleniumRegression_TC_007.java:182)
... Removed 28 stack frames
</div> <!-- stack-trace -->
                </div> <!-- method-content -->
              </div> <!-- method -->
            </div> <!-- main-panel-content rounded-window-bottom -->
          </div> <!-- suite-RMA_SeleniumRegressionSuite9-class-failed -->
          <div class="suite-RMA_SeleniumRegressionSuite9-class-failed">
            <div class="main-panel-header rounded-window-top">
              <img src="failed.png"/>
              <span class="class-name">rmaseleniumtestscripts.RMA_SeleniumRegression_TC_005</span>
            </div> <!-- main-panel-header rounded-window-top -->
            <div class="main-panel-content rounded-window-bottom">
              <div class="method">
                <div class="method-content">
                  <a name="RMA_SeleniumRegression_TC_005_Test">
                  </a> <!-- RMA_SeleniumRegression_TC_005_Test -->
                  <span class="method-name">RMA_SeleniumRegression_TC_005_Test</span>
                  <div class="stack-trace">org.openqa.selenium.NoSuchElementException: no such element: Unable to locate element: {&quot;method&quot;:&quot;id&quot;,&quot;selector&quot;:&quot;FLD100&quot;}
  (Session info: chrome=65.0.3325.181)
  (Driver info: chromedriver=2.36.540470 (e522d04694c7ebea4ba8821272dbef4f9b818c91),platform=Windows NT 6.1.7601 SP1 x86_64) (WARNING: The server did not provide any stacktrace information)
Command duration or timeout: 10.01 seconds
For documentation on this error, please visit: http://seleniumhq.org/exceptions/no_such_element.html
Build info: version: &apos;unknown&apos;, revision: &apos;unknown&apos;, time: &apos;unknown&apos;
System info: host: &apos;CSCINDAE707498&apos;, ip: &apos;20.198.112.132&apos;, os.name: &apos;Windows 7&apos;, os.arch: &apos;amd64&apos;, os.version: &apos;6.1&apos;, java.version: &apos;1.8.0_45&apos;
Driver info: org.openqa.selenium.chrome.ChromeDriver
Capabilities [{applicationCacheEnabled=false, rotatable=false, mobileEmulationEnabled=false, networkConnectionEnabled=false, chrome={chromedriverVersion=2.36.540470 (e522d04694c7ebea4ba8821272dbef4f9b818c91), userDataDir=C:\Users\arai24\AppData\Local\Temp\scoped_dir6620_27827}, takesHeapSnapshot=true, pageLoadStrategy=normal, databaseEnabled=false, handlesAlerts=true, hasTouchScreen=false, version=65.0.3325.181, platform=XP, browserConnectionEnabled=false, nativeEvents=true, acceptSslCerts=false, acceptInsecureCerts=false, locationContextEnabled=true, webStorageEnabled=true, browserName=chrome, takesScreenshot=true, javascriptEnabled=true, cssSelectorsEnabled=true, setWindowRect=true, unexpectedAlertBehaviour=}]
Session ID: 227519d19cd897230fe10bae1dcea43a
*** Element info: {Using=id, value=FLD100}
	at org.openqa.selenium.remote.ErrorHandler.createThrowable(ErrorHandler.java:215)
	at org.openqa.selenium.remote.ErrorHandler.throwIfResponseFailed(ErrorHandler.java:167)
	at org.openqa.selenium.remote.RemoteWebDriver.execute(RemoteWebDriver.java:671)
	at org.openqa.selenium.remote.RemoteWebDriver.findElement(RemoteWebDriver.java:410)
	at org.openqa.selenium.remote.RemoteWebDriver.findElementById(RemoteWebDriver.java:453)
	at org.openqa.selenium.By$ById.findElement(By.java:218)
	at org.openqa.selenium.remote.RemoteWebDriver.findElement(RemoteWebDriver.java:402)
	at rmaseleniumPOM_UX.RMA_Selenium_POM_Search.RMAApp_SearchClaims_Txt_ClaimNumber(RMA_Selenium_POM_Search.java:56)
	at rmaseleniumtestscripts.RMA_SeleniumRegression_TC_005.RMA_SeleniumRegression_TC_005_Test(RMA_SeleniumRegression_TC_005.java:265)
... Removed 29 stack frames
</div> <!-- stack-trace -->
                </div> <!-- method-content -->
              </div> <!-- method -->
            </div> <!-- main-panel-content rounded-window-bottom -->
          </div> <!-- suite-RMA_SeleniumRegressionSuite9-class-failed -->
          <div class="suite-RMA_SeleniumRegressionSuite9-class-failed">
            <div class="main-panel-header rounded-window-top">
              <img src="failed.png"/>
              <span class="class-name">rmaseleniumtestscripts.RMA_SeleniumRegression_TC_006</span>
            </div> <!-- main-panel-header rounded-window-top -->
            <div class="main-panel-content rounded-window-bottom">
              <div class="method">
                <div class="method-content">
                  <a name="RMA_SeleniumRegression_TC_006_Test">
                  </a> <!-- RMA_SeleniumRegression_TC_006_Test -->
                  <span class="method-name">RMA_SeleniumRegression_TC_006_Test</span>
                  <div class="stack-trace">org.openqa.selenium.NoSuchElementException: no such element: Unable to locate element: {&quot;method&quot;:&quot;id&quot;,&quot;selector&quot;:&quot;FLD100&quot;}
  (Session info: chrome=65.0.3325.181)
  (Driver info: chromedriver=2.36.540470 (e522d04694c7ebea4ba8821272dbef4f9b818c91),platform=Windows NT 6.1.7601 SP1 x86_64) (WARNING: The server did not provide any stacktrace information)
Command duration or timeout: 10.02 seconds
For documentation on this error, please visit: http://seleniumhq.org/exceptions/no_such_element.html
Build info: version: &apos;unknown&apos;, revision: &apos;unknown&apos;, time: &apos;unknown&apos;
System info: host: &apos;CSCINDAE707498&apos;, ip: &apos;20.198.112.132&apos;, os.name: &apos;Windows 7&apos;, os.arch: &apos;amd64&apos;, os.version: &apos;6.1&apos;, java.version: &apos;1.8.0_45&apos;
Driver info: org.openqa.selenium.chrome.ChromeDriver
Capabilities [{applicationCacheEnabled=false, rotatable=false, mobileEmulationEnabled=false, networkConnectionEnabled=false, chrome={chromedriverVersion=2.36.540470 (e522d04694c7ebea4ba8821272dbef4f9b818c91), userDataDir=C:\Users\arai24\AppData\Local\Temp\scoped_dir6620_27827}, takesHeapSnapshot=true, pageLoadStrategy=normal, databaseEnabled=false, handlesAlerts=true, hasTouchScreen=false, version=65.0.3325.181, platform=XP, browserConnectionEnabled=false, nativeEvents=true, acceptSslCerts=false, acceptInsecureCerts=false, locationContextEnabled=true, webStorageEnabled=true, browserName=chrome, takesScreenshot=true, javascriptEnabled=true, cssSelectorsEnabled=true, setWindowRect=true, unexpectedAlertBehaviour=}]
Session ID: 227519d19cd897230fe10bae1dcea43a
*** Element info: {Using=id, value=FLD100}
	at org.openqa.selenium.remote.ErrorHandler.createThrowable(ErrorHandler.java:215)
	at org.openqa.selenium.remote.ErrorHandler.throwIfResponseFailed(ErrorHandler.java:167)
	at org.openqa.selenium.remote.RemoteWebDriver.execute(RemoteWebDriver.java:671)
	at org.openqa.selenium.remote.RemoteWebDriver.findElement(RemoteWebDriver.java:410)
	at org.openqa.selenium.remote.RemoteWebDriver.findElementById(RemoteWebDriver.java:453)
	at org.openqa.selenium.By$ById.findElement(By.java:218)
	at org.openqa.selenium.remote.RemoteWebDriver.findElement(RemoteWebDriver.java:402)
	at rmaseleniumPOM_UX.RMA_Selenium_POM_Search.RMAApp_SearchClaims_Txt_ClaimNumber(RMA_Selenium_POM_Search.java:56)
	at rmaseleniumtestscripts.RMA_SeleniumRegression_TC_006.RMA_SeleniumRegression_TC_006_Test(RMA_SeleniumRegression_TC_006.java:265)
... Removed 29 stack frames
</div> <!-- stack-trace -->
                </div> <!-- method-content -->
              </div> <!-- method -->
            </div> <!-- main-panel-content rounded-window-bottom -->
          </div> <!-- suite-RMA_SeleniumRegressionSuite9-class-failed -->
          <div class="suite-RMA_SeleniumRegressionSuite9-class-failed">
            <div class="main-panel-header rounded-window-top">
              <img src="failed.png"/>
              <span class="class-name">rmaseleniumtestscripts.RMA_SeleniumRegression_TC_014</span>
            </div> <!-- main-panel-header rounded-window-top -->
            <div class="main-panel-content rounded-window-bottom">
              <div class="method">
                <div class="method-content">
                  <a name="RMA_SeleniumRegression_TC_014_Test">
                  </a> <!-- RMA_SeleniumRegression_TC_014_Test -->
                  <span class="method-name">RMA_SeleniumRegression_TC_014_Test</span>
                  <div class="stack-trace">org.openqa.selenium.InvalidElementStateException: invalid element state: Element must be user-editable in order to clear it.
  (Session info: chrome=65.0.3325.181)
  (Driver info: chromedriver=2.36.540470 (e522d04694c7ebea4ba8821272dbef4f9b818c91),platform=Windows NT 6.1.7601 SP1 x86_64) (WARNING: The server did not provide any stacktrace information)
Command duration or timeout: 33 milliseconds
Build info: version: &apos;unknown&apos;, revision: &apos;unknown&apos;, time: &apos;unknown&apos;
System info: host: &apos;CSCINDAE707498&apos;, ip: &apos;20.198.112.132&apos;, os.name: &apos;Windows 7&apos;, os.arch: &apos;amd64&apos;, os.version: &apos;6.1&apos;, java.version: &apos;1.8.0_45&apos;
Driver info: org.openqa.selenium.chrome.ChromeDriver
Capabilities [{applicationCacheEnabled=false, rotatable=false, mobileEmulationEnabled=false, networkConnectionEnabled=false, chrome={chromedriverVersion=2.36.540470 (e522d04694c7ebea4ba8821272dbef4f9b818c91), userDataDir=C:\Users\arai24\AppData\Local\Temp\scoped_dir7836_6058}, takesHeapSnapshot=true, pageLoadStrategy=normal, databaseEnabled=false, handlesAlerts=true, hasTouchScreen=false, version=65.0.3325.181, platform=XP, browserConnectionEnabled=false, nativeEvents=true, acceptSslCerts=false, acceptInsecureCerts=false, locationContextEnabled=true, webStorageEnabled=true, browserName=chrome, takesScreenshot=true, javascriptEnabled=true, cssSelectorsEnabled=true, setWindowRect=true, unexpectedAlertBehaviour=}]
Session ID: 6e1767300bb803a7e63a6afd0e190618
	at org.openqa.selenium.remote.ErrorHandler.createThrowable(ErrorHandler.java:215)
	at org.openqa.selenium.remote.ErrorHandler.throwIfResponseFailed(ErrorHandler.java:167)
	at org.openqa.selenium.remote.RemoteWebDriver.execute(RemoteWebDriver.java:671)
	at org.openqa.selenium.remote.RemoteWebElement.execute(RemoteWebElement.java:272)
	at org.openqa.selenium.remote.RemoteWebElement.clear(RemoteWebElement.java:114)
	at rmaseleniumutilties_UX.RMA_Input_Utility.RMA_SetValue_Utility(RMA_Input_Utility.java:96)
	at rmaseleniumtestscripts.RMA_SeleniumRegression_TC_014.RMA_SeleniumRegression_TC_014_Test(RMA_SeleniumRegression_TC_014.java:89)
... Removed 29 stack frames
</div> <!-- stack-trace -->
                </div> <!-- method-content -->
              </div> <!-- method -->
            </div> <!-- main-panel-content rounded-window-bottom -->
          </div> <!-- suite-RMA_SeleniumRegressionSuite9-class-failed -->
          <div class="suite-RMA_SeleniumRegressionSuite9-class-passed">
            <div class="main-panel-header rounded-window-top">
              <img src="passed.png"/>
              <span class="class-name">rmaseleniumtestscripts.RMA_SeleniumRegression_TC_008</span>
            </div> <!-- main-panel-header rounded-window-top -->
            <div class="main-panel-content rounded-window-bottom">
              <div class="method">
                <div class="method-content">
                  <a name="SeleniumRegression_TC_008_Test">
                  </a> <!-- SeleniumRegression_TC_008_Test -->
                  <span class="method-name">SeleniumRegression_TC_008_Test</span>
                </div> <!-- method-content -->
              </div> <!-- method -->
            </div> <!-- main-panel-content rounded-window-bottom -->
          </div> <!-- suite-RMA_SeleniumRegressionSuite9-class-passed -->
          <div class="suite-RMA_SeleniumRegressionSuite9-class-passed">
            <div class="main-panel-header rounded-window-top">
              <img src="passed.png"/>
              <span class="class-name">rmaseleniumtestscripts.RMA_SeleniumRegression_TC_002</span>
            </div> <!-- main-panel-header rounded-window-top -->
            <div class="main-panel-content rounded-window-bottom">
              <div class="method">
                <div class="method-content">
                  <a name="RMA_SeleniumRegression_TC_002_Test">
                  </a> <!-- RMA_SeleniumRegression_TC_002_Test -->
                  <span class="method-name">RMA_SeleniumRegression_TC_002_Test</span>
                </div> <!-- method-content -->
              </div> <!-- method -->
            </div> <!-- main-panel-content rounded-window-bottom -->
          </div> <!-- suite-RMA_SeleniumRegressionSuite9-class-passed -->
          <div class="suite-RMA_SeleniumRegressionSuite9-class-passed">
            <div class="main-panel-header rounded-window-top">
              <img src="passed.png"/>
              <span class="class-name">rmaseleniumtestscripts.RMA_SeleniumRegression_TC_010</span>
            </div> <!-- main-panel-header rounded-window-top -->
            <div class="main-panel-content rounded-window-bottom">
              <div class="method">
                <div class="method-content">
                  <a name="RMA_SeleniumRegression_TC_010_Test">
                  </a> <!-- RMA_SeleniumRegression_TC_010_Test -->
                  <span class="method-name">RMA_SeleniumRegression_TC_010_Test</span>
                </div> <!-- method-content -->
              </div> <!-- method -->
            </div> <!-- main-panel-content rounded-window-bottom -->
          </div> <!-- suite-RMA_SeleniumRegressionSuite9-class-passed -->
          <div class="suite-RMA_SeleniumRegressionSuite9-class-passed">
            <div class="main-panel-header rounded-window-top">
              <img src="passed.png"/>
              <span class="class-name">rmaseleniumtestscripts.RMA_SeleniumRegression_TC_011</span>
            </div> <!-- main-panel-header rounded-window-top -->
            <div class="main-panel-content rounded-window-bottom">
              <div class="method">
                <div class="method-content">
                  <a name="RMA_TC_011_Test">
                  </a> <!-- RMA_TC_011_Test -->
                  <span class="method-name">RMA_TC_011_Test</span>
                </div> <!-- method-content -->
              </div> <!-- method -->
            </div> <!-- main-panel-content rounded-window-bottom -->
          </div> <!-- suite-RMA_SeleniumRegressionSuite9-class-passed -->
          <div class="suite-RMA_SeleniumRegressionSuite9-class-passed">
            <div class="main-panel-header rounded-window-top">
              <img src="passed.png"/>
              <span class="class-name">rmaseleniumtestscripts.RMA_TC_001</span>
            </div> <!-- main-panel-header rounded-window-top -->
            <div class="main-panel-content rounded-window-bottom">
              <div class="method">
                <div class="method-content">
                  <a name="RMAApp_login">
                  </a> <!-- RMAApp_login -->
                  <span class="method-name">RMAApp_login</span>
                </div> <!-- method-content -->
              </div> <!-- method -->
            </div> <!-- main-panel-content rounded-window-bottom -->
          </div> <!-- suite-RMA_SeleniumRegressionSuite9-class-passed -->
          <div class="suite-RMA_SeleniumRegressionSuite9-class-passed">
            <div class="main-panel-header rounded-window-top">
              <img src="passed.png"/>
              <span class="class-name">rmaseleniumtestscripts.RMA_SeleniumRegression_TC_013</span>
            </div> <!-- main-panel-header rounded-window-top -->
            <div class="main-panel-content rounded-window-bottom">
              <div class="method">
                <div class="method-content">
                  <a name="RMA_SeleniumRegression_TC_013_Test">
                  </a> <!-- RMA_SeleniumRegression_TC_013_Test -->
                  <span class="method-name">RMA_SeleniumRegression_TC_013_Test</span>
                </div> <!-- method-content -->
              </div> <!-- method -->
            </div> <!-- main-panel-content rounded-window-bottom -->
          </div> <!-- suite-RMA_SeleniumRegressionSuite9-class-passed -->
          <div class="suite-RMA_SeleniumRegressionSuite9-class-passed">
            <div class="main-panel-header rounded-window-top">
              <img src="passed.png"/>
              <span class="class-name">rmaseleniumtestscripts.RMA_SeleniumRegression_TC_001</span>
            </div> <!-- main-panel-header rounded-window-top -->
            <div class="main-panel-content rounded-window-bottom">
              <div class="method">
                <div class="method-content">
                  <a name="RMA_SeleniumRegression_TC_001_Test">
                  </a> <!-- RMA_SeleniumRegression_TC_001_Test -->
                  <span class="method-name">RMA_SeleniumRegression_TC_001_Test</span>
                </div> <!-- method-content -->
              </div> <!-- method -->
            </div> <!-- main-panel-content rounded-window-bottom -->
          </div> <!-- suite-RMA_SeleniumRegressionSuite9-class-passed -->
          <div class="suite-RMA_SeleniumRegressionSuite9-class-passed">
            <div class="main-panel-header rounded-window-top">
              <img src="passed.png"/>
              <span class="class-name">rmaseleniumtestscripts.RMA_SeleniumRegression_TC_004</span>
            </div> <!-- main-panel-header rounded-window-top -->
            <div class="main-panel-content rounded-window-bottom">
              <div class="method">
                <div class="method-content">
                  <a name="RMA_SeleniumRegression_TC_004_Test">
                  </a> <!-- RMA_SeleniumRegression_TC_004_Test -->
                  <span class="method-name">RMA_SeleniumRegression_TC_004_Test</span>
                </div> <!-- method-content -->
              </div> <!-- method -->
            </div> <!-- main-panel-content rounded-window-bottom -->
          </div> <!-- suite-RMA_SeleniumRegressionSuite9-class-passed -->
          <div class="suite-RMA_SeleniumRegressionSuite9-class-passed">
            <div class="main-panel-header rounded-window-top">
              <img src="passed.png"/>
              <span class="class-name">rmaseleniumtestscripts.RMA_SeleniumRegression_TC_012</span>
            </div> <!-- main-panel-header rounded-window-top -->
            <div class="main-panel-content rounded-window-bottom">
              <div class="method">
                <div class="method-content">
                  <a name="RMA_SeleniumRegression_TC_012_Test">
                  </a> <!-- RMA_SeleniumRegression_TC_012_Test -->
                  <span class="method-name">RMA_SeleniumRegression_TC_012_Test</span>
                </div> <!-- method-content -->
              </div> <!-- method -->
            </div> <!-- main-panel-content rounded-window-bottom -->
          </div> <!-- suite-RMA_SeleniumRegressionSuite9-class-passed -->
          <div class="suite-RMA_SeleniumRegressionSuite9-class-passed">
            <div class="main-panel-header rounded-window-top">
              <img src="passed.png"/>
              <span class="class-name">rmaseleniumtestscripts.RMA_TC_002</span>
            </div> <!-- main-panel-header rounded-window-top -->
            <div class="main-panel-content rounded-window-bottom">
              <div class="method">
                <div class="method-content">
                  <a name="RMAApp_DSNSelection">
                  </a> <!-- RMAApp_DSNSelection -->
                  <span class="method-name">RMAApp_DSNSelection</span>
                </div> <!-- method-content -->
              </div> <!-- method -->
            </div> <!-- main-panel-content rounded-window-bottom -->
          </div> <!-- suite-RMA_SeleniumRegressionSuite9-class-passed -->
          <div class="suite-RMA_SeleniumRegressionSuite9-class-passed">
            <div class="main-panel-header rounded-window-top">
              <img src="passed.png"/>
              <span class="class-name">rmaseleniumtestscripts.RMA_SeleniumRegression_TC_009</span>
            </div> <!-- main-panel-header rounded-window-top -->
            <div class="main-panel-content rounded-window-bottom">
              <div class="method">
                <div class="method-content">
                  <a name="RMA_SeleniumRegression_TC_009_Test">
                  </a> <!-- RMA_SeleniumRegression_TC_009_Test -->
                  <span class="method-name">RMA_SeleniumRegression_TC_009_Test</span>
                </div> <!-- method-content -->
              </div> <!-- method -->
            </div> <!-- main-panel-content rounded-window-bottom -->
          </div> <!-- suite-RMA_SeleniumRegressionSuite9-class-passed -->
        </div> <!-- panel RMA_SeleniumRegressionSuite9 -->
        <div panel-name="test-xml-RMA_SeleniumRegressionSuite9" class="panel">
          <div class="main-panel-header rounded-window-top">
            <span class="header-content">D:\RMA_SeleniumTestAutomation\RMA_Selenium_TestAutomation_UX\RMASeleniumTestSuites\RMA_Suite_16_SelReg_09_SMS.xml</span>
          </div> <!-- main-panel-header rounded-window-top -->
          <div class="main-panel-content rounded-window-bottom">
            <pre>
&lt;?xml version=&quot;1.0&quot; encoding=&quot;UTF-8&quot;?&gt;
&lt;!DOCTYPE suite SYSTEM &quot;http://testng.org/testng-1.0.dtd&quot;&gt;
&lt;suite name=&quot;RMA_SeleniumRegressionSuite9&quot; allow-return-values=&quot;true&quot;&gt;
  &lt;parameter name=&quot;ExecutedSuiteName&quot; value=&quot;RMA_Suite_16_SelReg_09_SMS&quot;/&gt;
  &lt;parameter name=&quot;DataSourceRow&quot; value=&quot;1&quot;/&gt;
  &lt;test name=&quot;RMA_TC_001&quot;&gt;
    &lt;classes&gt;
      &lt;class name=&quot;rmaseleniumtestscripts.RMA_TC_001&quot;/&gt;
    &lt;/classes&gt;
  &lt;/test&gt; &lt;!-- RMA_TC_001 --&gt;
  &lt;test name=&quot;RMA_TC_002&quot;&gt;
    &lt;classes&gt;
      &lt;class name=&quot;rmaseleniumtestscripts.RMA_TC_002&quot;/&gt;
    &lt;/classes&gt;
  &lt;/test&gt; &lt;!-- RMA_TC_002 --&gt;
  &lt;test name=&quot;RMA_SeleniumRegression_TC_001&quot;&gt;
    &lt;classes&gt;
      &lt;class name=&quot;rmaseleniumtestscripts.RMA_SeleniumRegression_TC_001&quot;/&gt;
    &lt;/classes&gt;
  &lt;/test&gt; &lt;!-- RMA_SeleniumRegression_TC_001 --&gt;
  &lt;test name=&quot;RMA_SeleniumRegression_TC_002&quot;&gt;
    &lt;classes&gt;
      &lt;class name=&quot;rmaseleniumtestscripts.RMA_SeleniumRegression_TC_002&quot;/&gt;
    &lt;/classes&gt;
  &lt;/test&gt; &lt;!-- RMA_SeleniumRegression_TC_002 --&gt;
  &lt;test name=&quot;RMA_SeleniumRegression_TC_004&quot;&gt;
    &lt;classes&gt;
      &lt;class name=&quot;rmaseleniumtestscripts.RMA_SeleniumRegression_TC_004&quot;/&gt;
    &lt;/classes&gt;
  &lt;/test&gt; &lt;!-- RMA_SeleniumRegression_TC_004 --&gt;
  &lt;test name=&quot;RMA_SeleniumRegression_TC_005&quot;&gt;
    &lt;classes&gt;
      &lt;class name=&quot;rmaseleniumtestscripts.RMA_SeleniumRegression_TC_005&quot;/&gt;
    &lt;/classes&gt;
  &lt;/test&gt; &lt;!-- RMA_SeleniumRegression_TC_005 --&gt;
  &lt;test name=&quot;RMA_SeleniumRegression_TC_006&quot;&gt;
    &lt;classes&gt;
      &lt;class name=&quot;rmaseleniumtestscripts.RMA_SeleniumRegression_TC_006&quot;/&gt;
    &lt;/classes&gt;
  &lt;/test&gt; &lt;!-- RMA_SeleniumRegression_TC_006 --&gt;
  &lt;test name=&quot;RMA_SeleniumRegression_TC_007&quot;&gt;
    &lt;classes&gt;
      &lt;class name=&quot;rmaseleniumtestscripts.RMA_SeleniumRegression_TC_007&quot;/&gt;
    &lt;/classes&gt;
  &lt;/test&gt; &lt;!-- RMA_SeleniumRegression_TC_007 --&gt;
  &lt;test name=&quot;RMA_SeleniumRegression_TC_008&quot;&gt;
    &lt;classes&gt;
      &lt;class name=&quot;rmaseleniumtestscripts.RMA_SeleniumRegression_TC_008&quot;/&gt;
    &lt;/classes&gt;
  &lt;/test&gt; &lt;!-- RMA_SeleniumRegression_TC_008 --&gt;
  &lt;test name=&quot;RMA_SeleniumRegression_TC_009&quot;&gt;
    &lt;classes&gt;
      &lt;class name=&quot;rmaseleniumtestscripts.RMA_SeleniumRegression_TC_009&quot;/&gt;
    &lt;/classes&gt;
  &lt;/test&gt; &lt;!-- RMA_SeleniumRegression_TC_009 --&gt;
  &lt;test name=&quot;RMA_SeleniumRegression_TC_010&quot;&gt;
    &lt;classes&gt;
      &lt;class name=&quot;rmaseleniumtestscripts.RMA_SeleniumRegression_TC_010&quot;/&gt;
    &lt;/classes&gt;
  &lt;/test&gt; &lt;!-- RMA_SeleniumRegression_TC_010 --&gt;
  &lt;test name=&quot;RMA_SeleniumRegression_TC_011&quot;&gt;
    &lt;classes&gt;
      &lt;class name=&quot;rmaseleniumtestscripts.RMA_SeleniumRegression_TC_011&quot;/&gt;
    &lt;/classes&gt;
  &lt;/test&gt; &lt;!-- RMA_SeleniumRegression_TC_011 --&gt;
  &lt;test name=&quot;RMA_SeleniumRegression_TC_012&quot;&gt;
    &lt;classes&gt;
      &lt;class name=&quot;rmaseleniumtestscripts.RMA_SeleniumRegression_TC_012&quot;/&gt;
    &lt;/classes&gt;
  &lt;/test&gt; &lt;!-- RMA_SeleniumRegression_TC_012 --&gt;
  &lt;test name=&quot;RMA_SeleniumRegression_TC_013&quot;&gt;
    &lt;classes&gt;
      &lt;class name=&quot;rmaseleniumtestscripts.RMA_SeleniumRegression_TC_013&quot;/&gt;
    &lt;/classes&gt;
  &lt;/test&gt; &lt;!-- RMA_SeleniumRegression_TC_013 --&gt;
  &lt;test name=&quot;RMA_SeleniumRegression_TC_014&quot;&gt;
    &lt;classes&gt;
      &lt;class name=&quot;rmaseleniumtestscripts.RMA_SeleniumRegression_TC_014&quot;/&gt;
    &lt;/classes&gt;
  &lt;/test&gt; &lt;!-- RMA_SeleniumRegression_TC_014 --&gt;
&lt;/suite&gt; &lt;!-- RMA_SeleniumRegressionSuite9 --&gt;
            </pre>
          </div> <!-- main-panel-content rounded-window-bottom -->
        </div> <!-- panel -->
        <div panel-name="testlist-RMA_SeleniumRegressionSuite9" class="panel">
          <div class="main-panel-header rounded-window-top">
            <span class="header-content">Tests for RMA_SeleniumRegressionSuite9</span>
          </div> <!-- main-panel-header rounded-window-top -->
          <div class="main-panel-content rounded-window-bottom">
            <ul>
              <li>
                <span class="test-name">RMA_TC_001 (1 class)</span>
              </li>
              <li>
                <span class="test-name">RMA_TC_002 (1 class)</span>
              </li>
              <li>
                <span class="test-name">RMA_SeleniumRegression_TC_001 (1 class)</span>
              </li>
              <li>
                <span class="test-name">RMA_SeleniumRegression_TC_002 (1 class)</span>
              </li>
              <li>
                <span class="test-name">RMA_SeleniumRegression_TC_004 (1 class)</span>
              </li>
              <li>
                <span class="test-name">RMA_SeleniumRegression_TC_005 (1 class)</span>
              </li>
              <li>
                <span class="test-name">RMA_SeleniumRegression_TC_006 (1 class)</span>
              </li>
              <li>
                <span class="test-name">RMA_SeleniumRegression_TC_007 (1 class)</span>
              </li>
              <li>
                <span class="test-name">RMA_SeleniumRegression_TC_008 (1 class)</span>
              </li>
              <li>
                <span class="test-name">RMA_SeleniumRegression_TC_009 (1 class)</span>
              </li>
              <li>
                <span class="test-name">RMA_SeleniumRegression_TC_010 (1 class)</span>
              </li>
              <li>
                <span class="test-name">RMA_SeleniumRegression_TC_011 (1 class)</span>
              </li>
              <li>
                <span class="test-name">RMA_SeleniumRegression_TC_012 (1 class)</span>
              </li>
              <li>
                <span class="test-name">RMA_SeleniumRegression_TC_013 (1 class)</span>
              </li>
              <li>
                <span class="test-name">RMA_SeleniumRegression_TC_014 (1 class)</span>
              </li>
            </ul>
          </div> <!-- main-panel-content rounded-window-bottom -->
        </div> <!-- panel -->
        <div panel-name="group-RMA_SeleniumRegressionSuite9" class="panel">
          <div class="main-panel-header rounded-window-top">
            <span class="header-content">Groups for RMA_SeleniumRegressionSuite9</span>
          </div> <!-- main-panel-header rounded-window-top -->
          <div class="main-panel-content rounded-window-bottom">
          </div> <!-- main-panel-content rounded-window-bottom -->
        </div> <!-- panel -->
        <div panel-name="times-RMA_SeleniumRegressionSuite9" class="panel">
          <div class="main-panel-header rounded-window-top">
            <span class="header-content">Times for RMA_SeleniumRegressionSuite9</span>
          </div> <!-- main-panel-header rounded-window-top -->
          <div class="main-panel-content rounded-window-bottom">
            <div class="times-div">
              <script type="text/javascript">
suiteTableInitFunctions.push('tableData_RMA_SeleniumRegressionSuite9');
function tableData_RMA_SeleniumRegressionSuite9() {
var data = new google.visualization.DataTable();
data.addColumn('number', 'Number');
data.addColumn('string', 'Method');
data.addColumn('string', 'Class');
data.addColumn('number', 'Time (ms)');
data.addRows(15);
data.setCell(0, 0, 0)
data.setCell(0, 1, 'RMA_SeleniumRegression_TC_005_Test')
data.setCell(0, 2, 'rmaseleniumtestscripts.RMA_SeleniumRegression_TC_005')
data.setCell(0, 3, 421298);
data.setCell(1, 0, 1)
data.setCell(1, 1, 'RMA_SeleniumRegression_TC_006_Test')
data.setCell(1, 2, 'rmaseleniumtestscripts.RMA_SeleniumRegression_TC_006')
data.setCell(1, 3, 378081);
data.setCell(2, 0, 2)
data.setCell(2, 1, 'RMA_SeleniumRegression_TC_002_Test')
data.setCell(2, 2, 'rmaseleniumtestscripts.RMA_SeleniumRegression_TC_002')
data.setCell(2, 3, 358824);
data.setCell(3, 0, 3)
data.setCell(3, 1, 'RMA_SeleniumRegression_TC_001_Test')
data.setCell(3, 2, 'rmaseleniumtestscripts.RMA_SeleniumRegression_TC_001')
data.setCell(3, 3, 358143);
data.setCell(4, 0, 4)
data.setCell(4, 1, 'RMA_SeleniumRegression_TC_004_Test')
data.setCell(4, 2, 'rmaseleniumtestscripts.RMA_SeleniumRegression_TC_004')
data.setCell(4, 3, 338492);
data.setCell(5, 0, 5)
data.setCell(5, 1, 'RMA_SeleniumRegression_TC_012_Test')
data.setCell(5, 2, 'rmaseleniumtestscripts.RMA_SeleniumRegression_TC_012')
data.setCell(5, 3, 312918);
data.setCell(6, 0, 6)
data.setCell(6, 1, 'RMA_SeleniumRegression_TC_013_Test')
data.setCell(6, 2, 'rmaseleniumtestscripts.RMA_SeleniumRegression_TC_013')
data.setCell(6, 3, 268614);
data.setCell(7, 0, 7)
data.setCell(7, 1, 'RMA_SeleniumRegression_TC_007_Test')
data.setCell(7, 2, 'rmaseleniumtestscripts.RMA_SeleniumRegression_TC_007')
data.setCell(7, 3, 123172);
data.setCell(8, 0, 8)
data.setCell(8, 1, 'RMA_SeleniumRegression_TC_010_Test')
data.setCell(8, 2, 'rmaseleniumtestscripts.RMA_SeleniumRegression_TC_010')
data.setCell(8, 3, 121799);
data.setCell(9, 0, 9)
data.setCell(9, 1, 'RMA_TC_011_Test')
data.setCell(9, 2, 'rmaseleniumtestscripts.RMA_SeleniumRegression_TC_011')
data.setCell(9, 3, 81338);
data.setCell(10, 0, 10)
data.setCell(10, 1, 'SeleniumRegression_TC_008_Test')
data.setCell(10, 2, 'rmaseleniumtestscripts.RMA_SeleniumRegression_TC_008')
data.setCell(10, 3, 51971);
data.setCell(11, 0, 11)
data.setCell(11, 1, 'RMAApp_login')
data.setCell(11, 2, 'rmaseleniumtestscripts.RMA_TC_001')
data.setCell(11, 3, 35405);
data.setCell(12, 0, 12)
data.setCell(12, 1, 'RMA_SeleniumRegression_TC_009_Test')
data.setCell(12, 2, 'rmaseleniumtestscripts.RMA_SeleniumRegression_TC_009')
data.setCell(12, 3, 33492);
data.setCell(13, 0, 13)
data.setCell(13, 1, 'RMA_SeleniumRegression_TC_014_Test')
data.setCell(13, 2, 'rmaseleniumtestscripts.RMA_SeleniumRegression_TC_014')
data.setCell(13, 3, 21115);
data.setCell(14, 0, 14)
data.setCell(14, 1, 'RMAApp_DSNSelection')
data.setCell(14, 2, 'rmaseleniumtestscripts.RMA_TC_002')
data.setCell(14, 3, 5343);
window.suiteTableData['RMA_SeleniumRegressionSuite9']= { tableData: data, tableDiv: 'times-div-RMA_SeleniumRegressionSuite9'}
return data;
}
              </script>
              <span class="suite-total-time">Total running time: 48 minutes</span>
              <div id="times-div-RMA_SeleniumRegressionSuite9">
              </div> <!-- times-div-RMA_SeleniumRegressionSuite9 -->
            </div> <!-- times-div -->
          </div> <!-- main-panel-content rounded-window-bottom -->
        </div> <!-- panel -->
        <div panel-name="reporter-RMA_SeleniumRegressionSuite9" class="panel">
          <div class="main-panel-header rounded-window-top">
            <span class="header-content">Reporter output for RMA_SeleniumRegressionSuite9</span>
          </div> <!-- main-panel-header rounded-window-top -->
          <div class="main-panel-content rounded-window-bottom">
          </div> <!-- main-panel-content rounded-window-bottom -->
        </div> <!-- panel -->
        <div panel-name="ignored-methods-RMA_SeleniumRegressionSuite9" class="panel">
          <div class="main-panel-header rounded-window-top">
            <span class="header-content">0 ignored methods</span>
          </div> <!-- main-panel-header rounded-window-top -->
          <div class="main-panel-content rounded-window-bottom">
          </div> <!-- main-panel-content rounded-window-bottom -->
        </div> <!-- panel -->
        <div panel-name="chronological-RMA_SeleniumRegressionSuite9" class="panel">
          <div class="main-panel-header rounded-window-top">
            <span class="header-content">Methods in chronological order</span>
          </div> <!-- main-panel-header rounded-window-top -->
          <div class="main-panel-content rounded-window-bottom">
            <div class="chronological-class">
              <div class="chronological-class-name">rmaseleniumtestscripts.RMA_SeleniumRegression_TC_014</div> <!-- chronological-class-name -->
              <div class="configuration-suite before">
                <span class="method-name">SetUp(1, RMA_Suite_16_SelReg_09_SMS)</span>
                <span class="method-start">0 ms</span>
              </div> <!-- configuration-suite before -->
            </div> <!-- chronological-class -->
            <div class="chronological-class">
              <div class="chronological-class-name">rmaseleniumtestscripts.RMA_TC_001</div> <!-- chronological-class-name -->
              <div class="test-method">
                <span class="method-name">RMAApp_login</span>
                <span class="method-start">11713 ms</span>
              </div> <!-- test-method -->
              <div class="configuration-method after">
                <span class="method-name">RMA_FailureReport([TestResult name=RMAApp_login status=SUCCESS method=RMA_TC_001.RMAApp_login()[pri:0, instance:rmasel...)</span>
                <span class="method-start">47120 ms</span>
              </div> <!-- configuration-method after -->
            </div> <!-- chronological-class -->
            <div class="chronological-class">
              <div class="chronological-class-name">rmaseleniumtestscripts.RMA_TC_002</div> <!-- chronological-class-name -->
              <div class="test-method">
                <span class="method-name">RMAApp_DSNSelection</span>
                <span class="method-start">47439 ms</span>
              </div> <!-- test-method -->
              <div class="configuration-method after">
                <span class="method-name">RMA_FailureReport([TestResult name=RMAApp_DSNSelection status=SUCCESS method=RMA_TC_002.RMAApp_DSNSelection()[pri:0, i...)</span>
                <span class="method-start">52783 ms</span>
              </div> <!-- configuration-method after -->
            </div> <!-- chronological-class -->
            <div class="chronological-class">
              <div class="chronological-class-name">rmaseleniumtestscripts.RMA_SeleniumRegression_TC_001</div> <!-- chronological-class-name -->
              <div class="test-method">
                <span class="method-name">RMA_SeleniumRegression_TC_001_Test</span>
                <span class="method-start">71058 ms</span>
              </div> <!-- test-method -->
              <div class="configuration-method after">
                <span class="method-name">RMA_FailureReport([TestResult name=RMA_SeleniumRegression_TC_001_Test status=SUCCESS method=RMA_SeleniumRegression_TC_...)</span>
                <span class="method-start">429203 ms</span>
              </div> <!-- configuration-method after -->
            </div> <!-- chronological-class -->
            <div class="chronological-class">
              <div class="chronological-class-name">rmaseleniumtestscripts.RMA_SeleniumRegression_TC_002</div> <!-- chronological-class-name -->
              <div class="test-method">
                <span class="method-name">RMA_SeleniumRegression_TC_002_Test</span>
                <span class="method-start">429318 ms</span>
              </div> <!-- test-method -->
              <div class="configuration-method after">
                <span class="method-name">RMA_FailureReport([TestResult name=RMA_SeleniumRegression_TC_002_Test status=SUCCESS method=RMA_SeleniumRegression_TC_...)</span>
                <span class="method-start">788142 ms</span>
              </div> <!-- configuration-method after -->
            </div> <!-- chronological-class -->
            <div class="chronological-class">
              <div class="chronological-class-name">rmaseleniumtestscripts.RMA_SeleniumRegression_TC_004</div> <!-- chronological-class-name -->
              <div class="test-method">
                <span class="method-name">RMA_SeleniumRegression_TC_004_Test</span>
                <span class="method-start">792316 ms</span>
              </div> <!-- test-method -->
              <div class="configuration-method after">
                <span class="method-name">RMA_FailureReport([TestResult name=RMA_SeleniumRegression_TC_004_Test status=SUCCESS method=RMA_SeleniumRegression_TC_...)</span>
                <span class="method-start">1130808 ms</span>
              </div> <!-- configuration-method after -->
            </div> <!-- chronological-class -->
            <div class="chronological-class">
              <div class="chronological-class-name">rmaseleniumtestscripts.RMA_SeleniumRegression_TC_005</div> <!-- chronological-class-name -->
              <div class="test-method">
                <img src="failed.png">
                </img>
                <span class="method-name">RMA_SeleniumRegression_TC_005_Test</span>
                <span class="method-start">1135068 ms</span>
              </div> <!-- test-method -->
              <div class="configuration-method after">
                <span class="method-name">RMA_FailureReport([TestResult name=RMA_SeleniumRegression_TC_005_Test status=FAILURE method=RMA_SeleniumRegression_TC_...)</span>
                <span class="method-start">1556368 ms</span>
              </div> <!-- configuration-method after -->
            </div> <!-- chronological-class -->
            <div class="chronological-class">
              <div class="chronological-class-name">rmaseleniumtestscripts.RMA_SeleniumRegression_TC_006</div> <!-- chronological-class-name -->
              <div class="test-method">
                <img src="failed.png">
                </img>
                <span class="method-name">RMA_SeleniumRegression_TC_006_Test</span>
                <span class="method-start">1585674 ms</span>
              </div> <!-- test-method -->
              <div class="configuration-method after">
                <span class="method-name">RMA_FailureReport([TestResult name=RMA_SeleniumRegression_TC_006_Test status=FAILURE method=RMA_SeleniumRegression_TC_...)</span>
                <span class="method-start">1963757 ms</span>
              </div> <!-- configuration-method after -->
            </div> <!-- chronological-class -->
            <div class="chronological-class">
              <div class="chronological-class-name">rmaseleniumtestscripts.RMA_SeleniumRegression_TC_007</div> <!-- chronological-class-name -->
              <div class="test-method">
                <img src="failed.png">
                </img>
                <span class="method-name">RMA_SeleniumRegression_TC_007_Test</span>
                <span class="method-start">1993104 ms</span>
              </div> <!-- test-method -->
              <div class="configuration-method after">
                <span class="method-name">RMA_FailureReport([TestResult name=RMA_SeleniumRegression_TC_007_Test status=FAILURE method=RMA_SeleniumRegression_TC_...)</span>
                <span class="method-start">2116277 ms</span>
              </div> <!-- configuration-method after -->
            </div> <!-- chronological-class -->
            <div class="chronological-class">
              <div class="chronological-class-name">rmaseleniumtestscripts.RMA_SeleniumRegression_TC_008</div> <!-- chronological-class-name -->
              <div class="test-method">
                <span class="method-name">SeleniumRegression_TC_008_Test</span>
                <span class="method-start">2145524 ms</span>
              </div> <!-- test-method -->
              <div class="configuration-method after">
                <span class="method-name">RMA_FailureReport([TestResult name=SeleniumRegression_TC_008_Test status=SUCCESS method=RMA_SeleniumRegression_TC_008....)</span>
                <span class="method-start">2197496 ms</span>
              </div> <!-- configuration-method after -->
            </div> <!-- chronological-class -->
            <div class="chronological-class">
              <div class="chronological-class-name">rmaseleniumtestscripts.RMA_SeleniumRegression_TC_009</div> <!-- chronological-class-name -->
              <div class="test-method">
                <span class="method-name">RMA_SeleniumRegression_TC_009_Test</span>
                <span class="method-start">2202092 ms</span>
              </div> <!-- test-method -->
              <div class="configuration-method after">
                <span class="method-name">RMA_FailureReport([TestResult name=RMA_SeleniumRegression_TC_009_Test status=SUCCESS method=RMA_SeleniumRegression_TC_...)</span>
                <span class="method-start">2235585 ms</span>
              </div> <!-- configuration-method after -->
            </div> <!-- chronological-class -->
            <div class="chronological-class">
              <div class="chronological-class-name">rmaseleniumtestscripts.RMA_SeleniumRegression_TC_010</div> <!-- chronological-class-name -->
              <div class="test-method">
                <span class="method-name">RMA_SeleniumRegression_TC_010_Test</span>
                <span class="method-start">2240153 ms</span>
              </div> <!-- test-method -->
              <div class="configuration-method after">
                <span class="method-name">RMA_FailureReport([TestResult name=RMA_SeleniumRegression_TC_010_Test status=SUCCESS method=RMA_SeleniumRegression_TC_...)</span>
                <span class="method-start">2361954 ms</span>
              </div> <!-- configuration-method after -->
            </div> <!-- chronological-class -->
            <div class="chronological-class">
              <div class="chronological-class-name">rmaseleniumtestscripts.RMA_SeleniumRegression_TC_011</div> <!-- chronological-class-name -->
              <div class="test-method">
                <span class="method-name">RMA_TC_011_Test</span>
                <span class="method-start">2401400 ms</span>
              </div> <!-- test-method -->
              <div class="configuration-method after">
                <span class="method-name">RMA_FailureReport([TestResult name=RMA_TC_011_Test status=SUCCESS method=RMA_SeleniumRegression_TC_011.RMA_TC_011_Test...)</span>
                <span class="method-start">2482739 ms</span>
              </div> <!-- configuration-method after -->
            </div> <!-- chronological-class -->
            <div class="chronological-class">
              <div class="chronological-class-name">rmaseleniumtestscripts.RMA_SeleniumRegression_TC_012</div> <!-- chronological-class-name -->
              <div class="test-method">
                <span class="method-name">RMA_SeleniumRegression_TC_012_Test</span>
                <span class="method-start">2487381 ms</span>
              </div> <!-- test-method -->
              <div class="configuration-method after">
                <span class="method-name">RMA_FailureReport([TestResult name=RMA_SeleniumRegression_TC_012_Test status=SUCCESS method=RMA_SeleniumRegression_TC_...)</span>
                <span class="method-start">2800300 ms</span>
              </div> <!-- configuration-method after -->
            </div> <!-- chronological-class -->
            <div class="chronological-class">
              <div class="chronological-class-name">rmaseleniumtestscripts.RMA_SeleniumRegression_TC_013</div> <!-- chronological-class-name -->
              <div class="test-method">
                <span class="method-name">RMA_SeleniumRegression_TC_013_Test</span>
                <span class="method-start">2804436 ms</span>
              </div> <!-- test-method -->
              <div class="configuration-method after">
                <span class="method-name">RMA_FailureReport([TestResult name=RMA_SeleniumRegression_TC_013_Test status=SUCCESS method=RMA_SeleniumRegression_TC_...)</span>
                <span class="method-start">3073051 ms</span>
              </div> <!-- configuration-method after -->
            </div> <!-- chronological-class -->
            <div class="chronological-class">
              <div class="chronological-class-name">rmaseleniumtestscripts.RMA_SeleniumRegression_TC_014</div> <!-- chronological-class-name -->
              <div class="test-method">
                <img src="failed.png">
                </img>
                <span class="method-name">RMA_SeleniumRegression_TC_014_Test</span>
                <span class="method-start">3077275 ms</span>
              </div> <!-- test-method -->
              <div class="configuration-method after">
                <span class="method-name">RMA_FailureReport([TestResult name=RMA_SeleniumRegression_TC_014_Test status=FAILURE method=RMA_SeleniumRegression_TC_...)</span>
                <span class="method-start">3098391 ms</span>
              </div> <!-- configuration-method after -->
              <div class="configuration-suite after">
                <span class="method-name">ExitSetUp</span>
                <span class="method-start">3117412 ms</span>
              </div> <!-- configuration-suite after -->
          </div> <!-- main-panel-content rounded-window-bottom -->
        </div> <!-- panel -->
      </div> <!-- main-panel-root -->
    </div> <!-- wrapper -->
  </body>
</html>
