<?xml version="1.0" encoding="UTF-8"?>
<!-- Generated by org.testng.reporters.JUnitXMLReporter -->
<testsuite hostname="CSCINDAE707498" name="RMA_SeleniumRegression_TC_003" tests="1" failures="1" timestamp="5 Feb 2018 12:02:18 GMT" time="143.947" errors="0">
  <testcase name="RMA_SeleniumRegression_TC_003_Test" time="115.13" classname="rmaseleniumtestscripts.RMA_SeleniumRegression_TC_003">
    <failure type="org.openqa.selenium.NoSuchWindowException" message="no such window
  (Session info: chrome=63.0.3239.132)
  (Driver info: chromedriver=2.33.506120 (e3e53437346286c0bc2d2dc9aa4915ba81d9023f),platform=Windows NT 6.1.7601 SP1 x86_64) (WARNING: The server did not provide any stacktrace information)
Command duration or timeout: 4 milliseconds
Build info: version: &amp;apos;unknown&amp;apos;, revision: &amp;apos;86a5d70&amp;apos;, time: &amp;apos;2017-02-16 07:47:51 -0800&amp;apos;
System info: host: &amp;apos;CSCINDAE707498&amp;apos;, ip: &amp;apos;20.198.112.132&amp;apos;, os.name: &amp;apos;Windows 7&amp;apos;, os.arch: &amp;apos;amd64&amp;apos;, os.version: &amp;apos;6.1&amp;apos;, java.version: &amp;apos;1.8.0_45&amp;apos;
Driver info: org.openqa.selenium.chrome.ChromeDriver
Capabilities [{applicationCacheEnabled=false, rotatable=false, mobileEmulationEnabled=false, networkConnectionEnabled=false, chrome={chromedriverVersion=2.33.506120 (e3e53437346286c0bc2d2dc9aa4915ba81d9023f), userDataDir=C:\Users\KNAITH~1\AppData\Local\Temp\scoped_dir6320_7966}, takesHeapSnapshot=true, pageLoadStrategy=normal, databaseEnabled=false, handlesAlerts=true, hasTouchScreen=false, version=63.0.3239.132, platform=XP, browserConnectionEnabled=false, nativeEvents=true, acceptSslCerts=true, locationContextEnabled=true, webStorageEnabled=true, browserName=chrome, takesScreenshot=true, javascriptEnabled=true, cssSelectorsEnabled=true, setWindowRect=true, unexpectedAlertBehaviour=}]
Session ID: 6849f124ae37656cdde19602427503bf">
      <![CDATA[org.openqa.selenium.NoSuchWindowException: no such window
  (Session info: chrome=63.0.3239.132)
  (Driver info: chromedriver=2.33.506120 (e3e53437346286c0bc2d2dc9aa4915ba81d9023f),platform=Windows NT 6.1.7601 SP1 x86_64) (WARNING: The server did not provide any stacktrace information)
Command duration or timeout: 4 milliseconds
Build info: version: 'unknown', revision: '86a5d70', time: '2017-02-16 07:47:51 -0800'
System info: host: 'CSCINDAE707498', ip: '20.198.112.132', os.name: 'Windows 7', os.arch: 'amd64', os.version: '6.1', java.version: '1.8.0_45'
Driver info: org.openqa.selenium.chrome.ChromeDriver
Capabilities [{applicationCacheEnabled=false, rotatable=false, mobileEmulationEnabled=false, networkConnectionEnabled=false, chrome={chromedriverVersion=2.33.506120 (e3e53437346286c0bc2d2dc9aa4915ba81d9023f), userDataDir=C:\Users\KNAITH~1\AppData\Local\Temp\scoped_dir6320_7966}, takesHeapSnapshot=true, pageLoadStrategy=normal, databaseEnabled=false, handlesAlerts=true, hasTouchScreen=false, version=63.0.3239.132, platform=XP, browserConnectionEnabled=false, nativeEvents=true, acceptSslCerts=true, locationContextEnabled=true, webStorageEnabled=true, browserName=chrome, takesScreenshot=true, javascriptEnabled=true, cssSelectorsEnabled=true, setWindowRect=true, unexpectedAlertBehaviour=}]
Session ID: 6849f124ae37656cdde19602427503bf
	at org.openqa.selenium.remote.ErrorHandler.createThrowable(ErrorHandler.java:216)
	at org.openqa.selenium.remote.ErrorHandler.throwIfResponseFailed(ErrorHandler.java:168)
	at org.openqa.selenium.remote.RemoteWebDriver.execute(RemoteWebDriver.java:635)
	at org.openqa.selenium.remote.RemoteWebDriver$RemoteTargetLocator.window(RemoteWebDriver.java:948)
	at rmaseleniumtestscripts.RMA_SeleniumRegression_TC_003.RMA_SeleniumRegression_TC_003_Test(RMA_SeleniumRegression_TC_003.java:127)
... Removed 28 stack frames]]>
    </failure>
  </testcase> <!-- RMA_SeleniumRegression_TC_003_Test -->
</testsuite> <!-- RMA_SeleniumRegression_TC_003 -->
