<?xml version="1.0" encoding="UTF-8"?>
<!-- Generated by org.testng.reporters.JUnitXMLReporter -->
<testsuite hostname="CSCINDAE707498" name="RMA_SeleniumRegression_TC_006" tests="1" failures="1" timestamp="9 Apr 2018 11:39:18 GMT" time="457.774" errors="0">
  <testcase name="RMA_SeleniumRegression_TC_006_Test" time="428.4" classname="rmaseleniumtestscripts.RMA_SeleniumRegression_TC_006">
    <failure type="java.lang.AssertionError" message="expected [true] but found [false]">
      <![CDATA[java.lang.AssertionError: expected [true] but found [false]
	at rmaseleniumutilties_UX.RMA_Verification_Utility.RMA_ElementExist_Utility(RMA_Verification_Utility.java:71)
	at rmaseleniumtestscripts.RMA_SeleniumRegression_TC_006.RMA_SeleniumRegression_TC_006_Test(RMA_SeleniumRegression_TC_006.java:269)
... Removed 29 stack frames]]>
    </failure>
  </testcase> <!-- RMA_SeleniumRegression_TC_006_Test -->
</testsuite> <!-- RMA_SeleniumRegression_TC_006 -->
