<?xml version="1.0" encoding="UTF-8"?>
<!-- Generated by org.testng.reporters.JUnitXMLReporter -->
<testsuite hostname="CSCINDAE707498" name="RMA_QTPRegression_TC_029_C" tests="1" failures="1" timestamp="15 Dec 2017 09:02:25 GMT" time="164.287" errors="0">
  <testcase name="RMA_QTPRegression_TC_029_C_Test" time="131.038" classname="rmaseleniumtestscripts.RMA_QTPRegression_TC_029_C">
    <failure type="org.openqa.selenium.TimeoutException" message="Expected condition failed: waiting for element to be clickable: [[ChromeDriver: chrome on XP (47a5c01d2d27a0d51bd3f46e2b6732a4)] -&amp;gt; css selector: #PaymentLimitsGrid_gvData_ctl00_0 &amp;gt; #MyRadioButton] (tried for 10 second(s) with 500 MILLISECONDS interval)
Build info: version: &amp;apos;unknown&amp;apos;, revision: &amp;apos;86a5d70&amp;apos;, time: &amp;apos;2017-02-16 07:47:51 -0800&amp;apos;
System info: host: &amp;apos;CSCINDAE707498&amp;apos;, ip: &amp;apos;20.198.154.24&amp;apos;, os.name: &amp;apos;Windows 7&amp;apos;, os.arch: &amp;apos;amd64&amp;apos;, os.version: &amp;apos;6.1&amp;apos;, java.version: &amp;apos;1.8.0_45&amp;apos;
Driver info: org.openqa.selenium.chrome.ChromeDriver
Capabilities [{applicationCacheEnabled=false, rotatable=false, mobileEmulationEnabled=false, networkConnectionEnabled=false, chrome={chromedriverVersion=2.33.506120 (e3e53437346286c0bc2d2dc9aa4915ba81d9023f), userDataDir=C:\Users\KNAITH~1\AppData\Local\Temp\scoped_dir2308_24325}, takesHeapSnapshot=true, pageLoadStrategy=normal, databaseEnabled=false, handlesAlerts=true, hasTouchScreen=false, version=63.0.3239.84, platform=XP, browserConnectionEnabled=false, nativeEvents=true, acceptSslCerts=true, locationContextEnabled=true, webStorageEnabled=true, browserName=chrome, takesScreenshot=true, javascriptEnabled=true, cssSelectorsEnabled=true, setWindowRect=true, unexpectedAlertBehaviour=}]
Session ID: 47a5c01d2d27a0d51bd3f46e2b6732a4">
      <![CDATA[org.openqa.selenium.TimeoutException: Expected condition failed: waiting for element to be clickable: [[ChromeDriver: chrome on XP (47a5c01d2d27a0d51bd3f46e2b6732a4)] -> css selector: #PaymentLimitsGrid_gvData_ctl00_0 > #MyRadioButton] (tried for 10 second(s) with 500 MILLISECONDS interval)
Build info: version: 'unknown', revision: '86a5d70', time: '2017-02-16 07:47:51 -0800'
System info: host: 'CSCINDAE707498', ip: '20.198.154.24', os.name: 'Windows 7', os.arch: 'amd64', os.version: '6.1', java.version: '1.8.0_45'
Driver info: org.openqa.selenium.chrome.ChromeDriver
Capabilities [{applicationCacheEnabled=false, rotatable=false, mobileEmulationEnabled=false, networkConnectionEnabled=false, chrome={chromedriverVersion=2.33.506120 (e3e53437346286c0bc2d2dc9aa4915ba81d9023f), userDataDir=C:\Users\KNAITH~1\AppData\Local\Temp\scoped_dir2308_24325}, takesHeapSnapshot=true, pageLoadStrategy=normal, databaseEnabled=false, handlesAlerts=true, hasTouchScreen=false, version=63.0.3239.84, platform=XP, browserConnectionEnabled=false, nativeEvents=true, acceptSslCerts=true, locationContextEnabled=true, webStorageEnabled=true, browserName=chrome, takesScreenshot=true, javascriptEnabled=true, cssSelectorsEnabled=true, setWindowRect=true, unexpectedAlertBehaviour=}]
Session ID: 47a5c01d2d27a0d51bd3f46e2b6732a4
	at org.openqa.selenium.support.ui.WebDriverWait.timeoutException(WebDriverWait.java:80)
	at org.openqa.selenium.support.ui.FluentWait.until(FluentWait.java:257)
	at rmaseleniumutilties_UX.RMA_Navigation_Utility.RMA_ObjectClick(RMA_Navigation_Utility.java:207)
	at rmaseleniumtestscripts.RMA_QTPRegression_TC_029_C.RMA_QTPRegression_TC_029_C_Test(RMA_QTPRegression_TC_029_C.java:94)
... Removed 25 stack frames]]>
    </failure>
  </testcase> <!-- RMA_QTPRegression_TC_029_C_Test -->
</testsuite> <!-- RMA_QTPRegression_TC_029_C -->
